{"/home/otaylor/git/GADS/src/frontend/components/button/lib/component.ts": {"path":"/home/otaylor/git/GADS/src/frontend/components/button/lib/component.ts","statementMap":{"0":{"start":{"line":12,"column":30},"end":{"line":12,"column":32}},"1":{"start":{"line":24,"column":8},"end":{"line":24,"column":73}},"2":{"start":{"line":24,"column":47},"end":{"line":24,"column":73}},"3":{"start":{"line":25,"column":8},"end":{"line":25,"column":48}},"4":{"start":{"line":33,"column":8},"end":{"line":33,"column":22}},"5":{"start":{"line":34,"column":8},"end":{"line":34,"column":32}},"6":{"start":{"line":41,"column":20},"end":{"line":41,"column":77}},"7":{"start":{"line":42,"column":8},"end":{"line":47,"column":11}},"8":{"start":{"line":43,"column":12},"end":{"line":46,"column":19}},"9":{"start":{"line":45,"column":20},"end":{"line":45,"column":55}},"10":{"start":{"line":48,"column":8},"end":{"line":53,"column":11}},"11":{"start":{"line":49,"column":12},"end":{"line":52,"column":19}},"12":{"start":{"line":51,"column":20},"end":{"line":51,"column":44}},"13":{"start":{"line":54,"column":8},"end":{"line":59,"column":11}},"14":{"start":{"line":55,"column":12},"end":{"line":58,"column":19}},"15":{"start":{"line":57,"column":20},"end":{"line":57,"column":43}},"16":{"start":{"line":60,"column":8},"end":{"line":65,"column":11}},"17":{"start":{"line":61,"column":12},"end":{"line":64,"column":19}},"18":{"start":{"line":63,"column":20},"end":{"line":63,"column":55}},"19":{"start":{"line":66,"column":8},"end":{"line":71,"column":11}},"20":{"start":{"line":67,"column":12},"end":{"line":70,"column":19}},"21":{"start":{"line":69,"column":20},"end":{"line":69,"column":52}},"22":{"start":{"line":72,"column":8},"end":{"line":77,"column":11}},"23":{"start":{"line":73,"column":12},"end":{"line":76,"column":19}},"24":{"start":{"line":75,"column":20},"end":{"line":75,"column":54}},"25":{"start":{"line":78,"column":8},"end":{"line":83,"column":11}},"26":{"start":{"line":79,"column":12},"end":{"line":82,"column":19}},"27":{"start":{"line":81,"column":20},"end":{"line":81,"column":56}},"28":{"start":{"line":84,"column":8},"end":{"line":89,"column":11}},"29":{"start":{"line":85,"column":12},"end":{"line":88,"column":19}},"30":{"start":{"line":87,"column":20},"end":{"line":87,"column":45}},"31":{"start":{"line":90,"column":8},"end":{"line":95,"column":11}},"32":{"start":{"line":91,"column":12},"end":{"line":94,"column":19}},"33":{"start":{"line":93,"column":20},"end":{"line":93,"column":46}},"34":{"start":{"line":96,"column":8},"end":{"line":101,"column":11}},"35":{"start":{"line":97,"column":12},"end":{"line":100,"column":19}},"36":{"start":{"line":99,"column":20},"end":{"line":99,"column":49}},"37":{"start":{"line":102,"column":8},"end":{"line":107,"column":11}},"38":{"start":{"line":103,"column":12},"end":{"line":106,"column":19}},"39":{"start":{"line":105,"column":20},"end":{"line":105,"column":49}},"40":{"start":{"line":108,"column":8},"end":{"line":108,"column":47}},"41":{"start":{"line":116,"column":40},"end":{"line":116,"column":50}},"42":{"start":{"line":117,"column":8},"end":{"line":123,"column":11}},"43":{"start":{"line":118,"column":12},"end":{"line":118,"column":56}},"44":{"start":{"line":118,"column":49},"end":{"line":118,"column":56}},"45":{"start":{"line":119,"column":12},"end":{"line":119,"column":73}},"46":{"start":{"line":119,"column":34},"end":{"line":119,"column":73}},"47":{"start":{"line":120,"column":12},"end":{"line":120,"column":56}},"48":{"start":{"line":120,"column":49},"end":{"line":120,"column":56}},"49":{"start":{"line":121,"column":12},"end":{"line":121,"column":47}},"50":{"start":{"line":122,"column":12},"end":{"line":122,"column":47}}},"fnMap":{"0":{"name":"(anonymous_0)","decl":{"start":{"line":23,"column":4},"end":{"line":23,"column":5}},"loc":{"start":{"line":23,"column":82},"end":{"line":26,"column":5}},"line":23},"1":{"name":"(anonymous_1)","decl":{"start":{"line":32,"column":4},"end":{"line":32,"column":5}},"loc":{"start":{"line":32,"column":38},"end":{"line":35,"column":5}},"line":32},"2":{"name":"(anonymous_2)","decl":{"start":{"line":40,"column":4},"end":{"line":40,"column":5}},"loc":{"start":{"line":40,"column":29},"end":{"line":109,"column":5}},"line":40},"3":{"name":"(anonymous_3)","decl":{"start":{"line":42,"column":33},"end":{"line":42,"column":34}},"loc":{"start":{"line":42,"column":41},"end":{"line":47,"column":9}},"line":42},"4":{"name":"(anonymous_4)","decl":{"start":{"line":44,"column":22},"end":{"line":44,"column":23}},"loc":{"start":{"line":44,"column":66},"end":{"line":46,"column":17}},"line":44},"5":{"name":"(anonymous_5)","decl":{"start":{"line":48,"column":36},"end":{"line":48,"column":37}},"loc":{"start":{"line":48,"column":44},"end":{"line":53,"column":9}},"line":48},"6":{"name":"(anonymous_6)","decl":{"start":{"line":50,"column":22},"end":{"line":50,"column":23}},"loc":{"start":{"line":50,"column":59},"end":{"line":52,"column":17}},"line":50},"7":{"name":"(anonymous_7)","decl":{"start":{"line":54,"column":33},"end":{"line":54,"column":34}},"loc":{"start":{"line":54,"column":41},"end":{"line":59,"column":9}},"line":54},"8":{"name":"(anonymous_8)","decl":{"start":{"line":56,"column":22},"end":{"line":56,"column":23}},"loc":{"start":{"line":56,"column":57},"end":{"line":58,"column":17}},"line":56},"9":{"name":"(anonymous_9)","decl":{"start":{"line":60,"column":39},"end":{"line":60,"column":40}},"loc":{"start":{"line":60,"column":47},"end":{"line":65,"column":9}},"line":60},"10":{"name":"(anonymous_10)","decl":{"start":{"line":62,"column":22},"end":{"line":62,"column":23}},"loc":{"start":{"line":62,"column":65},"end":{"line":64,"column":17}},"line":62},"11":{"name":"(anonymous_11)","decl":{"start":{"line":66,"column":44},"end":{"line":66,"column":45}},"loc":{"start":{"line":66,"column":52},"end":{"line":71,"column":9}},"line":66},"12":{"name":"(anonymous_12)","decl":{"start":{"line":68,"column":22},"end":{"line":68,"column":23}},"loc":{"start":{"line":68,"column":66},"end":{"line":70,"column":17}},"line":68},"13":{"name":"(anonymous_13)","decl":{"start":{"line":72,"column":46},"end":{"line":72,"column":47}},"loc":{"start":{"line":72,"column":54},"end":{"line":77,"column":9}},"line":72},"14":{"name":"(anonymous_14)","decl":{"start":{"line":74,"column":22},"end":{"line":74,"column":23}},"loc":{"start":{"line":74,"column":68},"end":{"line":76,"column":17}},"line":74},"15":{"name":"(anonymous_15)","decl":{"start":{"line":78,"column":40},"end":{"line":78,"column":41}},"loc":{"start":{"line":78,"column":48},"end":{"line":83,"column":9}},"line":78},"16":{"name":"(anonymous_16)","decl":{"start":{"line":80,"column":22},"end":{"line":80,"column":23}},"loc":{"start":{"line":80,"column":66},"end":{"line":82,"column":17}},"line":80},"17":{"name":"(anonymous_17)","decl":{"start":{"line":84,"column":36},"end":{"line":84,"column":37}},"loc":{"start":{"line":84,"column":44},"end":{"line":89,"column":9}},"line":84},"18":{"name":"(anonymous_18)","decl":{"start":{"line":86,"column":22},"end":{"line":86,"column":23}},"loc":{"start":{"line":86,"column":59},"end":{"line":88,"column":17}},"line":86},"19":{"name":"(anonymous_19)","decl":{"start":{"line":90,"column":37},"end":{"line":90,"column":38}},"loc":{"start":{"line":90,"column":45},"end":{"line":95,"column":9}},"line":90},"20":{"name":"(anonymous_20)","decl":{"start":{"line":92,"column":22},"end":{"line":92,"column":23}},"loc":{"start":{"line":92,"column":60},"end":{"line":94,"column":17}},"line":92},"21":{"name":"(anonymous_21)","decl":{"start":{"line":96,"column":40},"end":{"line":96,"column":41}},"loc":{"start":{"line":96,"column":48},"end":{"line":101,"column":9}},"line":96},"22":{"name":"(anonymous_22)","decl":{"start":{"line":98,"column":22},"end":{"line":98,"column":23}},"loc":{"start":{"line":98,"column":63},"end":{"line":100,"column":17}},"line":98},"23":{"name":"(anonymous_23)","decl":{"start":{"line":102,"column":40},"end":{"line":102,"column":41}},"loc":{"start":{"line":102,"column":48},"end":{"line":107,"column":9}},"line":102},"24":{"name":"(anonymous_24)","decl":{"start":{"line":104,"column":22},"end":{"line":104,"column":23}},"loc":{"start":{"line":104,"column":63},"end":{"line":106,"column":17}},"line":104},"25":{"name":"(anonymous_25)","decl":{"start":{"line":115,"column":4},"end":{"line":115,"column":5}},"loc":{"start":{"line":115,"column":45},"end":{"line":124,"column":5}},"line":115},"26":{"name":"(anonymous_26)","decl":{"start":{"line":117,"column":34},"end":{"line":117,"column":35}},"loc":{"start":{"line":117,"column":49},"end":{"line":123,"column":9}},"line":117}},"branchMap":{"0":{"loc":{"start":{"line":24,"column":8},"end":{"line":24,"column":73}},"type":"if","locations":[{"start":{"line":24,"column":8},"end":{"line":24,"column":73}},{"start":{},"end":{}}],"line":24},"1":{"loc":{"start":{"line":118,"column":12},"end":{"line":118,"column":56}},"type":"if","locations":[{"start":{"line":118,"column":12},"end":{"line":118,"column":56}},{"start":{},"end":{}}],"line":118},"2":{"loc":{"start":{"line":119,"column":12},"end":{"line":119,"column":73}},"type":"if","locations":[{"start":{"line":119,"column":12},"end":{"line":119,"column":73}},{"start":{},"end":{}}],"line":119},"3":{"loc":{"start":{"line":120,"column":12},"end":{"line":120,"column":56}},"type":"if","locations":[{"start":{"line":120,"column":12},"end":{"line":120,"column":56}},{"start":{},"end":{}}],"line":120}},"s":{"0":14,"1":41,"2":1,"3":41,"4":14,"5":14,"6":1,"7":1,"8":2,"9":2,"10":1,"11":1,"12":1,"13":1,"14":1,"15":1,"16":1,"17":1,"18":1,"19":1,"20":1,"21":1,"22":1,"23":1,"24":1,"25":1,"26":1,"27":1,"28":1,"29":1,"30":1,"31":1,"32":1,"33":1,"34":1,"35":1,"36":1,"37":1,"38":2,"39":2,"40":1,"41":14,"42":14,"43":15,"44":1,"45":14,"46":0,"47":14,"48":1,"49":13,"50":13},"f":{"0":41,"1":14,"2":1,"3":2,"4":2,"5":1,"6":1,"7":1,"8":1,"9":1,"10":1,"11":1,"12":1,"13":1,"14":1,"15":1,"16":1,"17":1,"18":1,"19":1,"20":1,"21":1,"22":1,"23":2,"24":2,"25":14,"26":15},"b":{"0":[1,40],"1":[1,14],"2":[0,14],"3":[1,13]},"_coverageSchema":"1a1c01bbd47fc00a2c39e90264f33305004495a9","hash":"7109c10ceec3cd0a7dffed421410749ea7d0cece"}
,"/home/otaylor/git/GADS/src/frontend/components/button/lib/create-report-button.ts": {"path":"/home/otaylor/git/GADS/src/frontend/components/button/lib/create-report-button.ts","statementMap":{"0":{"start":{"line":7,"column":43},"end":{"line":7,"column":48}},"1":{"start":{"line":14,"column":8},"end":{"line":28,"column":11}},"2":{"start":{"line":15,"column":28},"end":{"line":15,"column":58}},"3":{"start":{"line":16,"column":26},"end":{"line":16,"column":49}},"4":{"start":{"line":18,"column":12},"end":{"line":27,"column":13}},"5":{"start":{"line":19,"column":16},"end":{"line":19,"column":36}},"6":{"start":{"line":21,"column":32},"end":{"line":21,"column":61}},"7":{"start":{"line":23,"column":16},"end":{"line":26,"column":17}},"8":{"start":{"line":24,"column":20},"end":{"line":24,"column":52}},"9":{"start":{"line":25,"column":20},"end":{"line":25,"column":41}},"10":{"start":{"line":36,"column":8},"end":{"line":36,"column":33}},"11":{"start":{"line":37,"column":8},"end":{"line":37,"column":39}}},"fnMap":{"0":{"name":"(anonymous_0)","decl":{"start":{"line":13,"column":4},"end":{"line":13,"column":5}},"loc":{"start":{"line":13,"column":45},"end":{"line":29,"column":5}},"line":13},"1":{"name":"(anonymous_1)","decl":{"start":{"line":14,"column":28},"end":{"line":14,"column":29}},"loc":{"start":{"line":14,"column":36},"end":{"line":28,"column":9}},"line":14},"2":{"name":"(anonymous_2)","decl":{"start":{"line":35,"column":4},"end":{"line":35,"column":5}},"loc":{"start":{"line":35,"column":40},"end":{"line":38,"column":5}},"line":35}},"branchMap":{"0":{"loc":{"start":{"line":18,"column":12},"end":{"line":27,"column":13}},"type":"if","locations":[{"start":{"line":18,"column":12},"end":{"line":27,"column":13}},{"start":{},"end":{}}],"line":18},"1":{"loc":{"start":{"line":23,"column":16},"end":{"line":26,"column":17}},"type":"if","locations":[{"start":{"line":23,"column":16},"end":{"line":26,"column":17}},{"start":{},"end":{}}],"line":23}},"s":{"0":5,"1":5,"2":4,"3":4,"4":4,"5":3,"6":3,"7":3,"8":1,"9":1,"10":1,"11":1},"f":{"0":5,"1":4,"2":1},"b":{"0":[3,1],"1":[1,2]},"_coverageSchema":"1a1c01bbd47fc00a2c39e90264f33305004495a9","hash":"230064602b949d70b2638d7ef3b28057ef6486d2"}
,"/home/otaylor/git/GADS/src/frontend/components/button/lib/delete-button.ts": {"path":"/home/otaylor/git/GADS/src/frontend/components/button/lib/delete-button.ts","statementMap":{"0":{"start":{"line":10,"column":4},"end":{"line":35,"column":7}},"1":{"start":{"line":11,"column":24},"end":{"line":11,"column":54}},"2":{"start":{"line":12,"column":22},"end":{"line":12,"column":48}},"3":{"start":{"line":13,"column":19},"end":{"line":13,"column":42}},"4":{"start":{"line":14,"column":23},"end":{"line":14,"column":53}},"5":{"start":{"line":15,"column":23},"end":{"line":15,"column":53}},"6":{"start":{"line":16,"column":27},"end":{"line":16,"column":65}},"7":{"start":{"line":17,"column":29},"end":{"line":17,"column":72}},"8":{"start":{"line":19,"column":8},"end":{"line":31,"column":9}},"9":{"start":{"line":20,"column":12},"end":{"line":24,"column":13}},"10":{"start":{"line":21,"column":16},"end":{"line":21,"column":99}},"11":{"start":{"line":22,"column":19},"end":{"line":24,"column":13}},"12":{"start":{"line":23,"column":16},"end":{"line":23,"column":60}},"13":{"start":{"line":26,"column":12},"end":{"line":26,"column":28}},"14":{"start":{"line":27,"column":12},"end":{"line":29,"column":15}},"15":{"start":{"line":28,"column":16},"end":{"line":28,"column":35}},"16":{"start":{"line":30,"column":12},"end":{"line":30,"column":37}},"17":{"start":{"line":30,"column":29},"end":{"line":30,"column":37}},"18":{"start":{"line":33,"column":8},"end":{"line":33,"column":58}},"19":{"start":{"line":34,"column":8},"end":{"line":34,"column":56}}},"fnMap":{"0":{"name":"createDeleteButton","decl":{"start":{"line":9,"column":24},"end":{"line":9,"column":42}},"loc":{"start":{"line":9,"column":73},"end":{"line":36,"column":1}},"line":9},"1":{"name":"(anonymous_1)","decl":{"start":{"line":10,"column":24},"end":{"line":10,"column":25}},"loc":{"start":{"line":10,"column":32},"end":{"line":35,"column":5}},"line":10},"2":{"name":"(anonymous_2)","decl":{"start":{"line":27,"column":32},"end":{"line":27,"column":33}},"loc":{"start":{"line":27,"column":64},"end":{"line":29,"column":13}},"line":27}},"branchMap":{"0":{"loc":{"start":{"line":16,"column":27},"end":{"line":16,"column":65}},"type":"cond-expr","locations":[{"start":{"line":16,"column":35},"end":{"line":16,"column":54}},{"start":{"line":16,"column":57},"end":{"line":16,"column":65}}],"line":16},"1":{"loc":{"start":{"line":20,"column":12},"end":{"line":24,"column":13}},"type":"if","locations":[{"start":{"line":20,"column":12},"end":{"line":24,"column":13}},{"start":{"line":22,"column":19},"end":{"line":24,"column":13}}],"line":20},"2":{"loc":{"start":{"line":20,"column":16},"end":{"line":20,"column":41}},"type":"binary-expr","locations":[{"start":{"line":20,"column":16},"end":{"line":20,"column":19}},{"start":{"line":20,"column":23},"end":{"line":20,"column":30}},{"start":{"line":20,"column":34},"end":{"line":20,"column":41}}],"line":20},"3":{"loc":{"start":{"line":22,"column":19},"end":{"line":24,"column":13}},"type":"if","locations":[{"start":{"line":22,"column":19},"end":{"line":24,"column":13}},{"start":{},"end":{}}],"line":22},"4":{"loc":{"start":{"line":30,"column":12},"end":{"line":30,"column":37}},"type":"if","locations":[{"start":{"line":30,"column":12},"end":{"line":30,"column":37}},{"start":{},"end":{}}],"line":30}},"s":{"0":1,"1":0,"2":0,"3":0,"4":0,"5":0,"6":0,"7":0,"8":0,"9":0,"10":0,"11":0,"12":0,"13":0,"14":0,"15":0,"16":0,"17":0,"18":0,"19":0},"f":{"0":1,"1":0,"2":0},"b":{"0":[0,0],"1":[0,0],"2":[0,0,0],"3":[0,0],"4":[0,0]},"_coverageSchema":"1a1c01bbd47fc00a2c39e90264f33305004495a9","hash":"83c98888c86aa0837d7bf82c14476e9ec52426e5"}
,"/home/otaylor/git/GADS/src/frontend/components/button/lib/more-info-button.ts": {"path":"/home/otaylor/git/GADS/src/frontend/components/button/lib/more-info-button.ts","statementMap":{"0":{"start":{"line":6,"column":4},"end":{"line":29,"column":7}},"1":{"start":{"line":7,"column":24},"end":{"line":7,"column":52}},"2":{"start":{"line":8,"column":26},"end":{"line":8,"column":51}},"3":{"start":{"line":9,"column":25},"end":{"line":9,"column":47}},"4":{"start":{"line":10,"column":23},"end":{"line":10,"column":49}},"5":{"start":{"line":12,"column":8},"end":{"line":12,"column":68}},"6":{"start":{"line":13,"column":8},"end":{"line":13,"column":54}},"7":{"start":{"line":14,"column":8},"end":{"line":14,"column":69}},"8":{"start":{"line":17,"column":8},"end":{"line":23,"column":11}},"9":{"start":{"line":19,"column":12},"end":{"line":19,"column":48}},"10":{"start":{"line":19,"column":41},"end":{"line":19,"column":48}},"11":{"start":{"line":20,"column":12},"end":{"line":22,"column":15}},"12":{"start":{"line":21,"column":16},"end":{"line":21,"column":67}},"13":{"start":{"line":26,"column":8},"end":{"line":28,"column":11}},"14":{"start":{"line":27,"column":12},"end":{"line":27,"column":58}},"15":{"start":{"line":27,"column":37},"end":{"line":27,"column":58}}},"fnMap":{"0":{"name":"createMoreInfoButton","decl":{"start":{"line":5,"column":24},"end":{"line":5,"column":44}},"loc":{"start":{"line":5,"column":88},"end":{"line":30,"column":1}},"line":5},"1":{"name":"(anonymous_1)","decl":{"start":{"line":6,"column":27},"end":{"line":6,"column":28}},"loc":{"start":{"line":6,"column":35},"end":{"line":29,"column":5}},"line":6},"2":{"name":"(anonymous_2)","decl":{"start":{"line":17,"column":36},"end":{"line":17,"column":37}},"loc":{"start":{"line":17,"column":44},"end":{"line":23,"column":9}},"line":17},"3":{"name":"(anonymous_3)","decl":{"start":{"line":20,"column":42},"end":{"line":20,"column":43}},"loc":{"start":{"line":20,"column":48},"end":{"line":22,"column":13}},"line":20},"4":{"name":"(anonymous_4)","decl":{"start":{"line":26,"column":28},"end":{"line":26,"column":29}},"loc":{"start":{"line":26,"column":36},"end":{"line":28,"column":9}},"line":26}},"branchMap":{"0":{"loc":{"start":{"line":19,"column":12},"end":{"line":19,"column":48}},"type":"if","locations":[{"start":{"line":19,"column":12},"end":{"line":19,"column":48}},{"start":{},"end":{}}],"line":19},"1":{"loc":{"start":{"line":21,"column":16},"end":{"line":21,"column":66}},"type":"binary-expr","locations":[{"start":{"line":21,"column":16},"end":{"line":21,"column":38}},{"start":{"line":21,"column":42},"end":{"line":21,"column":66}}],"line":21},"2":{"loc":{"start":{"line":27,"column":12},"end":{"line":27,"column":58}},"type":"if","locations":[{"start":{"line":27,"column":12},"end":{"line":27,"column":58}},{"start":{},"end":{}}],"line":27}},"s":{"0":1,"1":0,"2":0,"3":0,"4":0,"5":0,"6":0,"7":0,"8":0,"9":0,"10":0,"11":0,"12":0,"13":0,"14":0,"15":0},"f":{"0":1,"1":0,"2":0,"3":0,"4":0},"b":{"0":[0,0],"1":[0,0],"2":[0,0]},"_coverageSchema":"1a1c01bbd47fc00a2c39e90264f33305004495a9","hash":"b42196a10ae5eb08b3575b1beaef5ffed270d7f7"}
,"/home/otaylor/git/GADS/src/frontend/components/button/lib/remove-curval-button.ts": {"path":"/home/otaylor/git/GADS/src/frontend/components/button/lib/remove-curval-button.ts","statementMap":{"0":{"start":{"line":6,"column":4},"end":{"line":30,"column":7}},"1":{"start":{"line":7,"column":21},"end":{"line":7,"column":33}},"2":{"start":{"line":9,"column":8},"end":{"line":29,"column":9}},"3":{"start":{"line":10,"column":12},"end":{"line":19,"column":13}},"4":{"start":{"line":11,"column":35},"end":{"line":11,"column":69}},"5":{"start":{"line":12,"column":31},"end":{"line":12,"column":50}},"6":{"start":{"line":13,"column":16},"end":{"line":13,"column":36}},"7":{"start":{"line":14,"column":16},"end":{"line":16,"column":17}},"8":{"start":{"line":15,"column":20},"end":{"line":15,"column":81}},"9":{"start":{"line":18,"column":16},"end":{"line":18,"column":36}},"10":{"start":{"line":20,"column":15},"end":{"line":29,"column":9}},"11":{"start":{"line":21,"column":28},"end":{"line":21,"column":76}},"12":{"start":{"line":22,"column":29},"end":{"line":22,"column":76}},"13":{"start":{"line":24,"column":12},"end":{"line":24,"column":68}},"14":{"start":{"line":25,"column":12},"end":{"line":25,"column":45}},"15":{"start":{"line":27,"column":29},"end":{"line":27,"column":80}},"16":{"start":{"line":28,"column":12},"end":{"line":28,"column":65}}},"fnMap":{"0":{"name":"createRemoveCurvalButton","decl":{"start":{"line":5,"column":24},"end":{"line":5,"column":48}},"loc":{"start":{"line":5,"column":79},"end":{"line":31,"column":1}},"line":5},"1":{"name":"(anonymous_1)","decl":{"start":{"line":6,"column":24},"end":{"line":6,"column":25}},"loc":{"start":{"line":6,"column":51},"end":{"line":30,"column":5}},"line":6}},"branchMap":{"0":{"loc":{"start":{"line":9,"column":8},"end":{"line":29,"column":9}},"type":"if","locations":[{"start":{"line":9,"column":8},"end":{"line":29,"column":9}},{"start":{"line":20,"column":15},"end":{"line":29,"column":9}}],"line":9},"1":{"loc":{"start":{"line":10,"column":12},"end":{"line":19,"column":13}},"type":"if","locations":[{"start":{"line":10,"column":12},"end":{"line":19,"column":13}},{"start":{"line":17,"column":19},"end":{"line":19,"column":13}}],"line":10},"2":{"loc":{"start":{"line":14,"column":16},"end":{"line":16,"column":17}},"type":"if","locations":[{"start":{"line":14,"column":16},"end":{"line":16,"column":17}},{"start":{},"end":{}}],"line":14},"3":{"loc":{"start":{"line":14,"column":20},"end":{"line":14,"column":60}},"type":"binary-expr","locations":[{"start":{"line":14,"column":20},"end":{"line":14,"column":26}},{"start":{"line":14,"column":30},"end":{"line":14,"column":60}}],"line":14},"4":{"loc":{"start":{"line":20,"column":15},"end":{"line":29,"column":9}},"type":"if","locations":[{"start":{"line":20,"column":15},"end":{"line":29,"column":9}},{"start":{},"end":{}}],"line":20}},"s":{"0":1,"1":0,"2":0,"3":0,"4":0,"5":0,"6":0,"7":0,"8":0,"9":0,"10":0,"11":0,"12":0,"13":0,"14":0,"15":0,"16":0},"f":{"0":1,"1":0},"b":{"0":[0,0],"1":[0,0],"2":[0,0],"3":[0,0],"4":[0,0]},"_coverageSchema":"1a1c01bbd47fc00a2c39e90264f33305004495a9","hash":"0cf610791e2d8fafba9256b1874c5eeb09bc8cfc"}
,"/home/otaylor/git/GADS/src/frontend/components/button/lib/remove-unload-button.ts": {"path":"/home/otaylor/git/GADS/src/frontend/components/button/lib/remove-unload-button.ts","statementMap":{"0":{"start":{"line":6,"column":4},"end":{"line":8,"column":7}},"1":{"start":{"line":7,"column":8},"end":{"line":7,"column":38}}},"fnMap":{"0":{"name":"createRemoveUnloadButton","decl":{"start":{"line":5,"column":24},"end":{"line":5,"column":48}},"loc":{"start":{"line":5,"column":79},"end":{"line":9,"column":1}},"line":5},"1":{"name":"(anonymous_1)","decl":{"start":{"line":6,"column":24},"end":{"line":6,"column":25}},"loc":{"start":{"line":6,"column":30},"end":{"line":8,"column":5}},"line":6}},"branchMap":{},"s":{"0":2,"1":0},"f":{"0":2,"1":0},"b":{},"_coverageSchema":"1a1c01bbd47fc00a2c39e90264f33305004495a9","hash":"59bb08ee14f5c00f7738cd0edc5dd33390544a58"}
,"/home/otaylor/git/GADS/src/frontend/components/button/lib/save-view-button.ts": {"path":"/home/otaylor/git/GADS/src/frontend/components/button/lib/save-view-button.ts","statementMap":{"0":{"start":{"line":8,"column":18},"end":{"line":8,"column":36}},"1":{"start":{"line":9,"column":20},"end":{"line":9,"column":41}},"2":{"start":{"line":10,"column":22},"end":{"line":10,"column":52}},"3":{"start":{"line":11,"column":4},"end":{"line":20,"column":7}},"4":{"start":{"line":12,"column":23},"end":{"line":12,"column":70}},"5":{"start":{"line":13,"column":8},"end":{"line":19,"column":9}},"6":{"start":{"line":14,"column":12},"end":{"line":14,"column":48}},"7":{"start":{"line":15,"column":12},"end":{"line":15,"column":172}},"8":{"start":{"line":15,"column":133},"end":{"line":15,"column":172}},"9":{"start":{"line":17,"column":12},"end":{"line":17,"column":42}},"10":{"start":{"line":18,"column":12},"end":{"line":18,"column":175}},"11":{"start":{"line":18,"column":133},"end":{"line":18,"column":175}},"12":{"start":{"line":21,"column":4},"end":{"line":35,"column":7}},"13":{"start":{"line":22,"column":22},"end":{"line":22,"column":50}},"14":{"start":{"line":23,"column":8},"end":{"line":23,"column":64}},"15":{"start":{"line":23,"column":44},"end":{"line":23,"column":64}},"16":{"start":{"line":24,"column":23},"end":{"line":24,"column":70}},"17":{"start":{"line":25,"column":8},"end":{"line":28,"column":9}},"18":{"start":{"line":26,"column":12},"end":{"line":26,"column":27}},"19":{"start":{"line":27,"column":12},"end":{"line":27,"column":42}},"20":{"start":{"line":29,"column":8},"end":{"line":34,"column":10}},"21":{"start":{"line":31,"column":12},"end":{"line":31,"column":76}},"22":{"start":{"line":31,"column":56},"end":{"line":31,"column":76}},"23":{"start":{"line":32,"column":24},"end":{"line":32,"column":61}},"24":{"start":{"line":33,"column":12},"end":{"line":33,"column":67}}},"fnMap":{"0":{"name":"createSaveViewButtonComponent","decl":{"start":{"line":7,"column":24},"end":{"line":7,"column":53}},"loc":{"start":{"line":7,"column":79},"end":{"line":36,"column":1}},"line":7},"1":{"name":"(anonymous_1)","decl":{"start":{"line":11,"column":25},"end":{"line":11,"column":26}},"loc":{"start":{"line":11,"column":33},"end":{"line":20,"column":5}},"line":11},"2":{"name":"(anonymous_2)","decl":{"start":{"line":21,"column":19},"end":{"line":21,"column":20}},"loc":{"start":{"line":21,"column":27},"end":{"line":35,"column":5}},"line":21},"3":{"name":"(anonymous_3)","decl":{"start":{"line":29,"column":26},"end":{"line":29,"column":27}},"loc":{"start":{"line":29,"column":38},"end":{"line":34,"column":9}},"line":29}},"branchMap":{"0":{"loc":{"start":{"line":13,"column":8},"end":{"line":19,"column":9}},"type":"if","locations":[{"start":{"line":13,"column":8},"end":{"line":19,"column":9}},{"start":{"line":16,"column":15},"end":{"line":19,"column":9}}],"line":13},"1":{"loc":{"start":{"line":15,"column":12},"end":{"line":15,"column":172}},"type":"if","locations":[{"start":{"line":15,"column":12},"end":{"line":15,"column":172}},{"start":{},"end":{}}],"line":15},"2":{"loc":{"start":{"line":15,"column":16},"end":{"line":15,"column":131}},"type":"binary-expr","locations":[{"start":{"line":15,"column":16},"end":{"line":15,"column":25}},{"start":{"line":15,"column":29},"end":{"line":15,"column":43}},{"start":{"line":15,"column":47},"end":{"line":15,"column":76}},{"start":{"line":15,"column":80},"end":{"line":15,"column":131}}],"line":15},"3":{"loc":{"start":{"line":18,"column":12},"end":{"line":18,"column":175}},"type":"if","locations":[{"start":{"line":18,"column":12},"end":{"line":18,"column":175}},{"start":{},"end":{}}],"line":18},"4":{"loc":{"start":{"line":18,"column":16},"end":{"line":18,"column":131}},"type":"binary-expr","locations":[{"start":{"line":18,"column":16},"end":{"line":18,"column":25}},{"start":{"line":18,"column":29},"end":{"line":18,"column":43}},{"start":{"line":18,"column":47},"end":{"line":18,"column":76}},{"start":{"line":18,"column":80},"end":{"line":18,"column":131}}],"line":18},"5":{"loc":{"start":{"line":23,"column":8},"end":{"line":23,"column":64}},"type":"if","locations":[{"start":{"line":23,"column":8},"end":{"line":23,"column":64}},{"start":{},"end":{}}],"line":23},"6":{"loc":{"start":{"line":25,"column":8},"end":{"line":28,"column":9}},"type":"if","locations":[{"start":{"line":25,"column":8},"end":{"line":28,"column":9}},{"start":{},"end":{}}],"line":25},"7":{"loc":{"start":{"line":31,"column":12},"end":{"line":31,"column":76}},"type":"if","locations":[{"start":{"line":31,"column":12},"end":{"line":31,"column":76}},{"start":{},"end":{}}],"line":31}},"s":{"0":1,"1":1,"2":1,"3":1,"4":0,"5":0,"6":0,"7":0,"8":0,"9":0,"10":0,"11":0,"12":1,"13":0,"14":0,"15":0,"16":0,"17":0,"18":0,"19":0,"20":0,"21":0,"22":0,"23":0,"24":0},"f":{"0":1,"1":0,"2":0,"3":0},"b":{"0":[0,0],"1":[0,0],"2":[0,0,0,0],"3":[0,0],"4":[0,0,0,0],"5":[0,0],"6":[0,0],"7":[0,0]},"_coverageSchema":"1a1c01bbd47fc00a2c39e90264f33305004495a9","hash":"4cd840913451e9e57718375bf11ed70117c85197"}
,"/home/otaylor/git/GADS/src/frontend/components/button/lib/show-blank-button.ts": {"path":"/home/otaylor/git/GADS/src/frontend/components/button/lib/show-blank-button.ts","statementMap":{"0":{"start":{"line":6,"column":4},"end":{"line":16,"column":7}},"1":{"start":{"line":7,"column":24},"end":{"line":7,"column":66}},"2":{"start":{"line":8,"column":29},"end":{"line":8,"column":59}},"3":{"start":{"line":9,"column":32},"end":{"line":9,"column":78}},"4":{"start":{"line":11,"column":8},"end":{"line":11,"column":56}},"5":{"start":{"line":13,"column":8},"end":{"line":15,"column":34}}},"fnMap":{"0":{"name":"createShowBlankButton","decl":{"start":{"line":5,"column":24},"end":{"line":5,"column":45}},"loc":{"start":{"line":5,"column":76},"end":{"line":17,"column":1}},"line":5},"1":{"name":"(anonymous_1)","decl":{"start":{"line":6,"column":24},"end":{"line":6,"column":25}},"loc":{"start":{"line":6,"column":32},"end":{"line":16,"column":5}},"line":6}},"branchMap":{"0":{"loc":{"start":{"line":13,"column":33},"end":{"line":15,"column":33}},"type":"cond-expr","locations":[{"start":{"line":14,"column":14},"end":{"line":14,"column":33}},{"start":{"line":15,"column":14},"end":{"line":15,"column":33}}],"line":13}},"s":{"0":1,"1":0,"2":0,"3":0,"4":0,"5":0},"f":{"0":1,"1":0},"b":{"0":[0,0]},"_coverageSchema":"1a1c01bbd47fc00a2c39e90264f33305004495a9","hash":"4d2832067ec67378073d77aada0506a4fc6c91d1"}
,"/home/otaylor/git/GADS/src/frontend/components/button/lib/submit-draft-record-button.ts": {"path":"/home/otaylor/git/GADS/src/frontend/components/button/lib/submit-draft-record-button.ts","statementMap":{"0":{"start":{"line":6,"column":4},"end":{"line":12,"column":7}},"1":{"start":{"line":7,"column":24},"end":{"line":7,"column":54}},"2":{"start":{"line":8,"column":22},"end":{"line":8,"column":45}},"3":{"start":{"line":11,"column":8},"end":{"line":11,"column":74}}},"fnMap":{"0":{"name":"createSubmitDraftRecordButton","decl":{"start":{"line":5,"column":24},"end":{"line":5,"column":53}},"loc":{"start":{"line":5,"column":84},"end":{"line":13,"column":1}},"line":5},"1":{"name":"(anonymous_1)","decl":{"start":{"line":6,"column":24},"end":{"line":6,"column":25}},"loc":{"start":{"line":6,"column":51},"end":{"line":12,"column":5}},"line":6}},"branchMap":{},"s":{"0":1,"1":0,"2":0,"3":0},"f":{"0":1,"1":0},"b":{},"_coverageSchema":"1a1c01bbd47fc00a2c39e90264f33305004495a9","hash":"c18a6d7098baab506849177cd62957eeb0a1453c"}
,"/home/otaylor/git/GADS/src/frontend/components/button/lib/submit-field-button.ts": {"path":"/home/otaylor/git/GADS/src/frontend/components/button/lib/submit-field-button.ts","statementMap":{"0":{"start":{"line":11,"column":31},"end":{"line":11,"column":36}},"1":{"start":{"line":18,"column":8},"end":{"line":110,"column":11}},"2":{"start":{"line":20,"column":37},"end":{"line":20,"column":58}},"3":{"start":{"line":21,"column":30},"end":{"line":21,"column":70}},"4":{"start":{"line":22,"column":30},"end":{"line":22,"column":57}},"5":{"start":{"line":24,"column":48},"end":{"line":24,"column":78}},"6":{"start":{"line":26,"column":24},"end":{"line":26,"column":121}},"7":{"start":{"line":27,"column":44},"end":{"line":27,"column":63}},"8":{"start":{"line":28,"column":46},"end":{"line":28,"column":135}},"9":{"start":{"line":29,"column":44},"end":{"line":29,"column":67}},"10":{"start":{"line":31,"column":37},"end":{"line":31,"column":64}},"11":{"start":{"line":32,"column":30},"end":{"line":32,"column":107}},"12":{"start":{"line":34,"column":37},"end":{"line":34,"column":74}},"13":{"start":{"line":36,"column":30},"end":{"line":36,"column":35}},"14":{"start":{"line":37,"column":32},"end":{"line":37,"column":37}},"15":{"start":{"line":38,"column":43},"end":{"line":38,"column":48}},"16":{"start":{"line":39,"column":38},"end":{"line":39,"column":43}},"17":{"start":{"line":41,"column":32},"end":{"line":41,"column":50}},"18":{"start":{"line":42,"column":12},"end":{"line":52,"column":13}},"19":{"start":{"line":43,"column":16},"end":{"line":50,"column":17}},"20":{"start":{"line":44,"column":34},"end":{"line":44,"column":63}},"21":{"start":{"line":45,"column":20},"end":{"line":45,"column":73}},"22":{"start":{"line":46,"column":20},"end":{"line":46,"column":114}},"23":{"start":{"line":47,"column":20},"end":{"line":47,"column":69}},"24":{"start":{"line":48,"column":20},"end":{"line":48,"column":43}},"25":{"start":{"line":49,"column":20},"end":{"line":49,"column":40}},"26":{"start":{"line":51,"column":16},"end":{"line":51,"column":36}},"27":{"start":{"line":54,"column":12},"end":{"line":56,"column":13}},"28":{"start":{"line":55,"column":16},"end":{"line":55,"column":35}},"29":{"start":{"line":58,"column":12},"end":{"line":60,"column":13}},"30":{"start":{"line":59,"column":16},"end":{"line":59,"column":37}},"31":{"start":{"line":62,"column":12},"end":{"line":64,"column":13}},"32":{"start":{"line":63,"column":16},"end":{"line":63,"column":48}},"33":{"start":{"line":66,"column":12},"end":{"line":68,"column":13}},"34":{"start":{"line":67,"column":16},"end":{"line":67,"column":43}},"35":{"start":{"line":70,"column":12},"end":{"line":85,"column":13}},"36":{"start":{"line":72,"column":26},"end":{"line":72,"column":84}},"37":{"start":{"line":73,"column":31},"end":{"line":73,"column":48}},"38":{"start":{"line":74,"column":29},"end":{"line":74,"column":45}},"39":{"start":{"line":76,"column":16},"end":{"line":84,"column":19}},"40":{"start":{"line":83,"column":20},"end":{"line":83,"column":50}},"41":{"start":{"line":88,"column":12},"end":{"line":91,"column":13}},"42":{"start":{"line":90,"column":16},"end":{"line":90,"column":51}},"43":{"start":{"line":93,"column":12},"end":{"line":95,"column":13}},"44":{"start":{"line":94,"column":16},"end":{"line":94,"column":71}},"45":{"start":{"line":97,"column":12},"end":{"line":99,"column":13}},"46":{"start":{"line":98,"column":16},"end":{"line":98,"column":74}},"47":{"start":{"line":105,"column":28},"end":{"line":105,"column":83}},"48":{"start":{"line":106,"column":12},"end":{"line":106,"column":27}},"49":{"start":{"line":107,"column":26},"end":{"line":107,"column":61}},"50":{"start":{"line":108,"column":12},"end":{"line":108,"column":38}},"51":{"start":{"line":109,"column":12},"end":{"line":109,"column":34}},"52":{"start":{"line":119,"column":8},"end":{"line":119,"column":35}},"53":{"start":{"line":119,"column":25},"end":{"line":119,"column":35}},"54":{"start":{"line":121,"column":28},"end":{"line":121,"column":79}},"55":{"start":{"line":123,"column":8},"end":{"line":123,"column":92}}},"fnMap":{"0":{"name":"(anonymous_0)","decl":{"start":{"line":17,"column":4},"end":{"line":17,"column":5}},"loc":{"start":{"line":17,"column":45},"end":{"line":111,"column":5}},"line":17},"1":{"name":"(anonymous_1)","decl":{"start":{"line":18,"column":28},"end":{"line":18,"column":29}},"loc":{"start":{"line":18,"column":36},"end":{"line":110,"column":9}},"line":18},"2":{"name":"(anonymous_2)","decl":{"start":{"line":81,"column":24},"end":{"line":81,"column":25}},"loc":{"start":{"line":81,"column":30},"end":{"line":84,"column":17}},"line":81},"3":{"name":"(anonymous_3)","decl":{"start":{"line":118,"column":4},"end":{"line":118,"column":5}},"loc":{"start":{"line":118,"column":51},"end":{"line":124,"column":5}},"line":118}},"branchMap":{"0":{"loc":{"start":{"line":26,"column":24},"end":{"line":26,"column":121}},"type":"binary-expr","locations":[{"start":{"line":26,"column":24},"end":{"line":26,"column":58}},{"start":{"line":26,"column":62},"end":{"line":26,"column":121}}],"line":26},"1":{"loc":{"start":{"line":28,"column":46},"end":{"line":28,"column":135}},"type":"binary-expr","locations":[{"start":{"line":28,"column":46},"end":{"line":28,"column":76}},{"start":{"line":28,"column":80},"end":{"line":28,"column":135}}],"line":28},"2":{"loc":{"start":{"line":32,"column":30},"end":{"line":32,"column":107}},"type":"binary-expr","locations":[{"start":{"line":32,"column":30},"end":{"line":32,"column":53}},{"start":{"line":32,"column":57},"end":{"line":32,"column":107}}],"line":32},"3":{"loc":{"start":{"line":42,"column":12},"end":{"line":52,"column":13}},"type":"if","locations":[{"start":{"line":42,"column":12},"end":{"line":52,"column":13}},{"start":{},"end":{}}],"line":42},"4":{"loc":{"start":{"line":42,"column":16},"end":{"line":42,"column":84}},"type":"binary-expr","locations":[{"start":{"line":42,"column":17},"end":{"line":42,"column":33}},{"start":{"line":42,"column":37},"end":{"line":42,"column":61}},{"start":{"line":42,"column":66},"end":{"line":42,"column":84}}],"line":42},"5":{"loc":{"start":{"line":43,"column":16},"end":{"line":50,"column":17}},"type":"if","locations":[{"start":{"line":43,"column":16},"end":{"line":50,"column":17}},{"start":{},"end":{}}],"line":43},"6":{"loc":{"start":{"line":54,"column":12},"end":{"line":56,"column":13}},"type":"if","locations":[{"start":{"line":54,"column":12},"end":{"line":56,"column":13}},{"start":{},"end":{}}],"line":54},"7":{"loc":{"start":{"line":54,"column":16},"end":{"line":54,"column":146}},"type":"binary-expr","locations":[{"start":{"line":54,"column":17},"end":{"line":54,"column":40}},{"start":{"line":54,"column":44},"end":{"line":54,"column":75}},{"start":{"line":54,"column":79},"end":{"line":54,"column":95}},{"start":{"line":54,"column":101},"end":{"line":54,"column":125}},{"start":{"line":54,"column":129},"end":{"line":54,"column":145}}],"line":54},"8":{"loc":{"start":{"line":58,"column":12},"end":{"line":60,"column":13}},"type":"if","locations":[{"start":{"line":58,"column":12},"end":{"line":60,"column":13}},{"start":{},"end":{}}],"line":58},"9":{"loc":{"start":{"line":58,"column":16},"end":{"line":58,"column":97}},"type":"binary-expr","locations":[{"start":{"line":58,"column":16},"end":{"line":58,"column":39}},{"start":{"line":58,"column":43},"end":{"line":58,"column":77}},{"start":{"line":58,"column":81},"end":{"line":58,"column":97}}],"line":58},"10":{"loc":{"start":{"line":62,"column":12},"end":{"line":64,"column":13}},"type":"if","locations":[{"start":{"line":62,"column":12},"end":{"line":64,"column":13}},{"start":{},"end":{}}],"line":62},"11":{"loc":{"start":{"line":62,"column":16},"end":{"line":62,"column":53}},"type":"binary-expr","locations":[{"start":{"line":62,"column":16},"end":{"line":62,"column":19}},{"start":{"line":62,"column":23},"end":{"line":62,"column":53}}],"line":62},"12":{"loc":{"start":{"line":66,"column":12},"end":{"line":68,"column":13}},"type":"if","locations":[{"start":{"line":66,"column":12},"end":{"line":68,"column":13}},{"start":{},"end":{}}],"line":66},"13":{"loc":{"start":{"line":66,"column":15},"end":{"line":66,"column":74}},"type":"binary-expr","locations":[{"start":{"line":66,"column":15},"end":{"line":66,"column":45}},{"start":{"line":66,"column":49},"end":{"line":66,"column":74}}],"line":66},"14":{"loc":{"start":{"line":70,"column":12},"end":{"line":85,"column":13}},"type":"if","locations":[{"start":{"line":70,"column":12},"end":{"line":85,"column":13}},{"start":{},"end":{}}],"line":70},"15":{"loc":{"start":{"line":88,"column":12},"end":{"line":91,"column":13}},"type":"if","locations":[{"start":{"line":88,"column":12},"end":{"line":91,"column":13}},{"start":{},"end":{}}],"line":88},"16":{"loc":{"start":{"line":88,"column":16},"end":{"line":88,"column":52}},"type":"binary-expr","locations":[{"start":{"line":88,"column":16},"end":{"line":88,"column":29}},{"start":{"line":88,"column":33},"end":{"line":88,"column":52}}],"line":88},"17":{"loc":{"start":{"line":93,"column":12},"end":{"line":95,"column":13}},"type":"if","locations":[{"start":{"line":93,"column":12},"end":{"line":95,"column":13}},{"start":{},"end":{}}],"line":93},"18":{"loc":{"start":{"line":93,"column":15},"end":{"line":93,"column":63}},"type":"binary-expr","locations":[{"start":{"line":93,"column":15},"end":{"line":93,"column":34}},{"start":{"line":93,"column":38},"end":{"line":93,"column":63}}],"line":93},"19":{"loc":{"start":{"line":97,"column":12},"end":{"line":99,"column":13}},"type":"if","locations":[{"start":{"line":97,"column":12},"end":{"line":99,"column":13}},{"start":{},"end":{}}],"line":97},"20":{"loc":{"start":{"line":119,"column":8},"end":{"line":119,"column":35}},"type":"if","locations":[{"start":{"line":119,"column":8},"end":{"line":119,"column":35}},{"start":{},"end":{}}],"line":119},"21":{"loc":{"start":{"line":121,"column":28},"end":{"line":121,"column":79}},"type":"binary-expr","locations":[{"start":{"line":121,"column":28},"end":{"line":121,"column":45}},{"start":{"line":121,"column":49},"end":{"line":121,"column":79}}],"line":121},"22":{"loc":{"start":{"line":123,"column":15},"end":{"line":123,"column":92}},"type":"cond-expr","locations":[{"start":{"line":123,"column":29},"end":{"line":123,"column":40}},{"start":{"line":123,"column":43},"end":{"line":123,"column":92}}],"line":123}},"s":{"0":3,"1":3,"2":1,"3":1,"4":1,"5":1,"6":1,"7":1,"8":1,"9":1,"10":1,"11":1,"12":1,"13":1,"14":1,"15":1,"16":1,"17":1,"18":1,"19":0,"20":0,"21":0,"22":0,"23":0,"24":0,"25":0,"26":0,"27":1,"28":1,"29":1,"30":0,"31":1,"32":0,"33":1,"34":0,"35":1,"36":1,"37":1,"38":1,"39":1,"40":1,"41":1,"42":0,"43":1,"44":0,"45":1,"46":0,"47":1,"48":1,"49":1,"50":1,"51":1,"52":1,"53":1,"54":0,"55":0},"f":{"0":3,"1":1,"2":1,"3":1},"b":{"0":[1,0],"1":[1,0],"2":[1,0],"3":[0,1],"4":[1,0,0],"5":[0,0],"6":[1,0],"7":[1,0,0,1,1],"8":[0,1],"9":[1,0,0],"10":[0,1],"11":[1,0],"12":[0,1],"13":[1,0],"14":[1,0],"15":[0,1],"16":[1,0],"17":[0,1],"18":[1,0],"19":[0,1],"20":[1,0],"21":[0,0],"22":[0,0]},"_coverageSchema":"1a1c01bbd47fc00a2c39e90264f33305004495a9","hash":"cb81019901ac52d93897a127e7cab9bd6cc6503a"}
,"/home/otaylor/git/GADS/src/frontend/components/button/lib/submit-record-button.ts": {"path":"/home/otaylor/git/GADS/src/frontend/components/button/lib/submit-record-button.ts","statementMap":{"0":{"start":{"line":7,"column":66},"end":{"line":7,"column":71}},"1":{"start":{"line":8,"column":43},"end":{"line":8,"column":48}},"2":{"start":{"line":9,"column":37},"end":{"line":9,"column":42}},"3":{"start":{"line":16,"column":8},"end":{"line":56,"column":11}},"4":{"start":{"line":17,"column":28},"end":{"line":17,"column":58}},"5":{"start":{"line":18,"column":26},"end":{"line":18,"column":49}},"6":{"start":{"line":19,"column":57},"end":{"line":19,"column":148}},"7":{"start":{"line":20,"column":28},"end":{"line":20,"column":58}},"8":{"start":{"line":22,"column":12},"end":{"line":28,"column":13}},"9":{"start":{"line":23,"column":16},"end":{"line":23,"column":36}},"10":{"start":{"line":26,"column":16},"end":{"line":26,"column":76}},"11":{"start":{"line":27,"column":16},"end":{"line":27,"column":71}},"12":{"start":{"line":30,"column":12},"end":{"line":54,"column":13}},"13":{"start":{"line":31,"column":16},"end":{"line":31,"column":36}},"14":{"start":{"line":33,"column":32},"end":{"line":33,"column":61}},"15":{"start":{"line":35,"column":16},"end":{"line":53,"column":17}},"16":{"start":{"line":36,"column":20},"end":{"line":36,"column":52}},"17":{"start":{"line":37,"column":20},"end":{"line":37,"column":47}},"18":{"start":{"line":38,"column":20},"end":{"line":42,"column":21}},"19":{"start":{"line":39,"column":24},"end":{"line":39,"column":48}},"20":{"start":{"line":41,"column":24},"end":{"line":41,"column":49}},"21":{"start":{"line":44,"column":20},"end":{"line":44,"column":46}},"22":{"start":{"line":45,"column":20},"end":{"line":45,"column":51}},"23":{"start":{"line":46,"column":20},"end":{"line":48,"column":21}},"24":{"start":{"line":47,"column":24},"end":{"line":47,"column":121}},"25":{"start":{"line":51,"column":20},"end":{"line":51,"column":78}},"26":{"start":{"line":52,"column":20},"end":{"line":52,"column":76}},"27":{"start":{"line":55,"column":12},"end":{"line":55,"column":108}}},"fnMap":{"0":{"name":"(anonymous_0)","decl":{"start":{"line":15,"column":4},"end":{"line":15,"column":5}},"loc":{"start":{"line":15,"column":49},"end":{"line":57,"column":5}},"line":15},"1":{"name":"(anonymous_1)","decl":{"start":{"line":16,"column":28},"end":{"line":16,"column":29}},"loc":{"start":{"line":16,"column":55},"end":{"line":56,"column":9}},"line":16}},"branchMap":{"0":{"loc":{"start":{"line":22,"column":12},"end":{"line":28,"column":13}},"type":"if","locations":[{"start":{"line":22,"column":12},"end":{"line":28,"column":13}},{"start":{},"end":{}}],"line":22},"1":{"loc":{"start":{"line":30,"column":12},"end":{"line":54,"column":13}},"type":"if","locations":[{"start":{"line":30,"column":12},"end":{"line":54,"column":13}},{"start":{},"end":{}}],"line":30},"2":{"loc":{"start":{"line":35,"column":16},"end":{"line":53,"column":17}},"type":"if","locations":[{"start":{"line":35,"column":16},"end":{"line":53,"column":17}},{"start":{"line":49,"column":23},"end":{"line":53,"column":17}}],"line":35},"3":{"loc":{"start":{"line":38,"column":20},"end":{"line":42,"column":21}},"type":"if","locations":[{"start":{"line":38,"column":20},"end":{"line":42,"column":21}},{"start":{"line":40,"column":27},"end":{"line":42,"column":21}}],"line":38},"4":{"loc":{"start":{"line":46,"column":20},"end":{"line":48,"column":21}},"type":"if","locations":[{"start":{"line":46,"column":20},"end":{"line":48,"column":21}},{"start":{},"end":{}}],"line":46},"5":{"loc":{"start":{"line":55,"column":12},"end":{"line":55,"column":107}},"type":"binary-expr","locations":[{"start":{"line":55,"column":12},"end":{"line":55,"column":30}},{"start":{"line":55,"column":34},"end":{"line":55,"column":107}}],"line":55}},"s":{"0":1,"1":1,"2":1,"3":1,"4":0,"5":0,"6":0,"7":0,"8":0,"9":0,"10":0,"11":0,"12":0,"13":0,"14":0,"15":0,"16":0,"17":0,"18":0,"19":0,"20":0,"21":0,"22":0,"23":0,"24":0,"25":0,"26":0,"27":0},"f":{"0":1,"1":0},"b":{"0":[0,0],"1":[0,0],"2":[0,0],"3":[0,0],"4":[0,0],"5":[0,0]},"_coverageSchema":"1a1c01bbd47fc00a2c39e90264f33305004495a9","hash":"215fbc5769975e457cc4bbd0dd79c4905698b7c5"}
,"/home/otaylor/git/GADS/src/frontend/components/button/lib/toggle-all-fields-button.ts": {"path":"/home/otaylor/git/GADS/src/frontend/components/button/lib/toggle-all-fields-button.ts","statementMap":{"0":{"start":{"line":6,"column":4},"end":{"line":18,"column":7}},"1":{"start":{"line":7,"column":8},"end":{"line":7,"column":27}},"2":{"start":{"line":8,"column":30},"end":{"line":8,"column":63}},"3":{"start":{"line":9,"column":35},"end":{"line":9,"column":72}},"4":{"start":{"line":10,"column":35},"end":{"line":10,"column":73}},"5":{"start":{"line":11,"column":21},"end":{"line":11,"column":54}},"6":{"start":{"line":12,"column":8},"end":{"line":17,"column":15}},"7":{"start":{"line":14,"column":16},"end":{"line":16,"column":19}},"8":{"start":{"line":15,"column":20},"end":{"line":15,"column":109}}},"fnMap":{"0":{"name":"createToggleAllFieldsButton","decl":{"start":{"line":5,"column":24},"end":{"line":5,"column":51}},"loc":{"start":{"line":5,"column":82},"end":{"line":19,"column":1}},"line":5},"1":{"name":"(anonymous_1)","decl":{"start":{"line":6,"column":24},"end":{"line":6,"column":25}},"loc":{"start":{"line":6,"column":32},"end":{"line":18,"column":5}},"line":6},"2":{"name":"(anonymous_2)","decl":{"start":{"line":13,"column":18},"end":{"line":13,"column":19}},"loc":{"start":{"line":13,"column":42},"end":{"line":17,"column":13}},"line":13},"3":{"name":"(anonymous_3)","decl":{"start":{"line":14,"column":26},"end":{"line":14,"column":27}},"loc":{"start":{"line":14,"column":42},"end":{"line":16,"column":17}},"line":14}},"branchMap":{},"s":{"0":1,"1":0,"2":0,"3":0,"4":0,"5":0,"6":0,"7":0,"8":0},"f":{"0":1,"1":0,"2":0,"3":0},"b":{},"_coverageSchema":"1a1c01bbd47fc00a2c39e90264f33305004495a9","hash":"94051e27ba91e3d6e9b2f8b5fb2ee8e85d6b95f6"}
,"/home/otaylor/git/GADS/src/frontend/components/help-view/lib/component.ts": {"path":"/home/otaylor/git/GADS/src/frontend/components/help-view/lib/component.ts","statementMap":{"0":{"start":{"line":17,"column":8},"end":{"line":17,"column":23}},"1":{"start":{"line":18,"column":8},"end":{"line":18,"column":31}},"2":{"start":{"line":27,"column":20},"end":{"line":27,"column":30}},"3":{"start":{"line":28,"column":23},"end":{"line":28,"column":49}},"4":{"start":{"line":30,"column":24},"end":{"line":30,"column":54}},"5":{"start":{"line":31,"column":8},"end":{"line":34,"column":9}},"6":{"start":{"line":32,"column":12},"end":{"line":32,"column":125}},"7":{"start":{"line":33,"column":12},"end":{"line":33,"column":43}},"8":{"start":{"line":35,"column":8},"end":{"line":35,"column":31}},"9":{"start":{"line":36,"column":25},"end":{"line":36,"column":46}},"10":{"start":{"line":37,"column":8},"end":{"line":37,"column":64}},"11":{"start":{"line":37,"column":23},"end":{"line":37,"column":64}},"12":{"start":{"line":38,"column":26},"end":{"line":38,"column":48}},"13":{"start":{"line":39,"column":27},"end":{"line":39,"column":50}},"14":{"start":{"line":40,"column":8},"end":{"line":40,"column":68}},"15":{"start":{"line":40,"column":25},"end":{"line":40,"column":68}},"16":{"start":{"line":41,"column":23},"end":{"line":41,"column":58}},"17":{"start":{"line":42,"column":8},"end":{"line":42,"column":90}},"18":{"start":{"line":42,"column":21},"end":{"line":42,"column":90}},"19":{"start":{"line":43,"column":8},"end":{"line":45,"column":11}},"20":{"start":{"line":44,"column":12},"end":{"line":44,"column":93}}},"fnMap":{"0":{"name":"(anonymous_0)","decl":{"start":{"line":16,"column":4},"end":{"line":16,"column":5}},"loc":{"start":{"line":16,"column":38},"end":{"line":19,"column":5}},"line":16},"1":{"name":"(anonymous_1)","decl":{"start":{"line":26,"column":4},"end":{"line":26,"column":5}},"loc":{"start":{"line":26,"column":35},"end":{"line":46,"column":5}},"line":26},"2":{"name":"(anonymous_2)","decl":{"start":{"line":43,"column":28},"end":{"line":43,"column":29}},"loc":{"start":{"line":43,"column":34},"end":{"line":45,"column":9}},"line":43}},"branchMap":{"0":{"loc":{"start":{"line":31,"column":8},"end":{"line":34,"column":9}},"type":"if","locations":[{"start":{"line":31,"column":8},"end":{"line":34,"column":9}},{"start":{},"end":{}}],"line":31},"1":{"loc":{"start":{"line":31,"column":12},"end":{"line":31,"column":39}},"type":"binary-expr","locations":[{"start":{"line":31,"column":12},"end":{"line":31,"column":18}},{"start":{"line":31,"column":22},"end":{"line":31,"column":39}}],"line":31},"2":{"loc":{"start":{"line":37,"column":8},"end":{"line":37,"column":64}},"type":"if","locations":[{"start":{"line":37,"column":8},"end":{"line":37,"column":64}},{"start":{},"end":{}}],"line":37},"3":{"loc":{"start":{"line":40,"column":8},"end":{"line":40,"column":68}},"type":"if","locations":[{"start":{"line":40,"column":8},"end":{"line":40,"column":68}},{"start":{},"end":{}}],"line":40},"4":{"loc":{"start":{"line":42,"column":8},"end":{"line":42,"column":90}},"type":"if","locations":[{"start":{"line":42,"column":8},"end":{"line":42,"column":90}},{"start":{},"end":{}}],"line":42},"5":{"loc":{"start":{"line":44,"column":42},"end":{"line":44,"column":77}},"type":"cond-expr","locations":[{"start":{"line":44,"column":54},"end":{"line":44,"column":72}},{"start":{"line":44,"column":75},"end":{"line":44,"column":77}}],"line":44}},"s":{"0":4,"1":4,"2":4,"3":4,"4":4,"5":4,"6":0,"7":0,"8":4,"9":4,"10":4,"11":1,"12":3,"13":3,"14":3,"15":1,"16":2,"17":2,"18":1,"19":1,"20":1},"f":{"0":4,"1":4,"2":1},"b":{"0":[0,4],"1":[4,4],"2":[1,3],"3":[1,2],"4":[1,1],"5":[0,1]},"_coverageSchema":"1a1c01bbd47fc00a2c39e90264f33305004495a9","hash":"40b1df2a6d01d8674b26a31fac66164062512849"}
,"/home/otaylor/git/GADS/src/frontend/js/lib/component.js": {"path":"/home/otaylor/git/GADS/src/frontend/js/lib/component.js","statementMap":{"0":{"start":{"line":4,"column":33},"end":{"line":4,"column":61}},"1":{"start":{"line":11,"column":37},"end":{"line":13,"column":1}},"2":{"start":{"line":12,"column":2},"end":{"line":12,"column":57}},"3":{"start":{"line":18,"column":31},"end":{"line":20,"column":1}},"4":{"start":{"line":19,"column":2},"end":{"line":19,"column":80}},"5":{"start":{"line":33,"column":39},"end":{"line":33,"column":51}},"6":{"start":{"line":36,"column":4},"end":{"line":40,"column":5}},"7":{"start":{"line":37,"column":6},"end":{"line":39,"column":7}},"8":{"start":{"line":42,"column":4},"end":{"line":42,"column":26}},"9":{"start":{"line":43,"column":4},"end":{"line":43,"column":85}},"10":{"start":{"line":44,"column":4},"end":{"line":44,"column":88}},"11":{"start":{"line":51,"column":29},"end":{"line":51,"column":31}},"12":{"start":{"line":59,"column":26},"end":{"line":61,"column":1}},"13":{"start":{"line":60,"column":2},"end":{"line":60,"column":49}},"14":{"start":{"line":70,"column":39},"end":{"line":74,"column":1}},"15":{"start":{"line":71,"column":2},"end":{"line":73,"column":4}},"16":{"start":{"line":72,"column":4},"end":{"line":72,"column":31}},"17":{"start":{"line":84,"column":29},"end":{"line":91,"column":1}},"18":{"start":{"line":85,"column":19},"end":{"line":85,"column":51}},"19":{"start":{"line":86,"column":2},"end":{"line":88,"column":3}},"20":{"start":{"line":87,"column":4},"end":{"line":87,"column":13}},"21":{"start":{"line":90,"column":2},"end":{"line":90,"column":29}},"22":{"start":{"line":103,"column":28},"end":{"line":128,"column":1}},"23":{"start":{"line":104,"column":2},"end":{"line":108,"column":3}},"24":{"start":{"line":105,"column":4},"end":{"line":107,"column":5}},"25":{"start":{"line":110,"column":17},"end":{"line":110,"column":66}},"26":{"start":{"line":112,"column":19},"end":{"line":114,"column":3}},"27":{"start":{"line":113,"column":17},"end":{"line":113,"column":106}},"28":{"start":{"line":116,"column":2},"end":{"line":118,"column":3}},"29":{"start":{"line":117,"column":4},"end":{"line":117,"column":13}},"30":{"start":{"line":120,"column":2},"end":{"line":127,"column":42}},"31":{"start":{"line":122,"column":8},"end":{"line":126,"column":9}},"32":{"start":{"line":127,"column":19},"end":{"line":127,"column":41}}},"fnMap":{"0":{"name":"(anonymous_0)","decl":{"start":{"line":11,"column":37},"end":{"line":11,"column":38}},"loc":{"start":{"line":11,"column":57},"end":{"line":13,"column":1}},"line":11},"1":{"name":"(anonymous_1)","decl":{"start":{"line":18,"column":31},"end":{"line":18,"column":32}},"loc":{"start":{"line":18,"column":50},"end":{"line":20,"column":1}},"line":18},"2":{"name":"(anonymous_2)","decl":{"start":{"line":33,"column":2},"end":{"line":33,"column":3}},"loc":{"start":{"line":33,"column":37},"end":{"line":33,"column":53}},"line":33},"3":{"name":"(anonymous_3)","decl":{"start":{"line":35,"column":2},"end":{"line":35,"column":3}},"loc":{"start":{"line":35,"column":23},"end":{"line":45,"column":3}},"line":35},"4":{"name":"(anonymous_4)","decl":{"start":{"line":59,"column":26},"end":{"line":59,"column":27}},"loc":{"start":{"line":59,"column":52},"end":{"line":61,"column":1}},"line":59},"5":{"name":"(anonymous_5)","decl":{"start":{"line":70,"column":39},"end":{"line":70,"column":40}},"loc":{"start":{"line":70,"column":50},"end":{"line":74,"column":1}},"line":70},"6":{"name":"(anonymous_6)","decl":{"start":{"line":71,"column":31},"end":{"line":71,"column":32}},"loc":{"start":{"line":71,"column":57},"end":{"line":73,"column":3}},"line":71},"7":{"name":"(anonymous_7)","decl":{"start":{"line":84,"column":29},"end":{"line":84,"column":30}},"loc":{"start":{"line":84,"column":50},"end":{"line":91,"column":1}},"line":84},"8":{"name":"(anonymous_8)","decl":{"start":{"line":103,"column":28},"end":{"line":103,"column":29}},"loc":{"start":{"line":103,"column":65},"end":{"line":128,"column":1}},"line":103},"9":{"name":"(anonymous_9)","decl":{"start":{"line":113,"column":6},"end":{"line":113,"column":7}},"loc":{"start":{"line":113,"column":17},"end":{"line":113,"column":106}},"line":113},"10":{"name":"(anonymous_10)","decl":{"start":{"line":121,"column":12},"end":{"line":121,"column":13}},"loc":{"start":{"line":121,"column":20},"end":{"line":127,"column":5}},"line":121},"11":{"name":"(anonymous_11)","decl":{"start":{"line":127,"column":11},"end":{"line":127,"column":12}},"loc":{"start":{"line":127,"column":19},"end":{"line":127,"column":41}},"line":127}},"branchMap":{"0":{"loc":{"start":{"line":19,"column":9},"end":{"line":19,"column":80}},"type":"cond-expr","locations":[{"start":{"line":19,"column":68},"end":{"line":19,"column":72}},{"start":{"line":19,"column":75},"end":{"line":19,"column":80}}],"line":19},"1":{"loc":{"start":{"line":36,"column":4},"end":{"line":40,"column":5}},"type":"if","locations":[{"start":{"line":36,"column":4},"end":{"line":40,"column":5}},{"start":{},"end":{}}],"line":36},"2":{"loc":{"start":{"line":86,"column":2},"end":{"line":88,"column":3}},"type":"if","locations":[{"start":{"line":86,"column":2},"end":{"line":88,"column":3}},{"start":{},"end":{}}],"line":86},"3":{"loc":{"start":{"line":104,"column":2},"end":{"line":108,"column":3}},"type":"if","locations":[{"start":{"line":104,"column":2},"end":{"line":108,"column":3}},{"start":{},"end":{}}],"line":104},"4":{"loc":{"start":{"line":110,"column":17},"end":{"line":110,"column":66}},"type":"cond-expr","locations":[{"start":{"line":110,"column":45},"end":{"line":110,"column":56}},{"start":{"line":110,"column":59},"end":{"line":110,"column":66}}],"line":110},"5":{"loc":{"start":{"line":113,"column":17},"end":{"line":113,"column":106}},"type":"cond-expr","locations":[{"start":{"line":113,"column":51},"end":{"line":113,"column":66}},{"start":{"line":113,"column":69},"end":{"line":113,"column":106}}],"line":113},"6":{"loc":{"start":{"line":116,"column":2},"end":{"line":118,"column":3}},"type":"if","locations":[{"start":{"line":116,"column":2},"end":{"line":118,"column":3}},{"start":{},"end":{}}],"line":116},"7":{"loc":{"start":{"line":123,"column":12},"end":{"line":125,"column":63}},"type":"binary-expr","locations":[{"start":{"line":123,"column":12},"end":{"line":123,"column":48}},{"start":{"line":125,"column":15},"end":{"line":125,"column":63}}],"line":123}},"s":{"0":2,"1":2,"2":36,"3":2,"4":18,"5":0,"6":18,"7":0,"8":18,"9":18,"10":18,"11":2,"12":2,"13":0,"14":2,"15":0,"16":0,"17":2,"18":0,"19":0,"20":0,"21":0,"22":2,"23":0,"24":0,"25":0,"26":0,"27":0,"28":0,"29":0,"30":0,"31":0,"32":0},"f":{"0":36,"1":18,"2":0,"3":18,"4":0,"5":0,"6":0,"7":0,"8":0,"9":0,"10":0,"11":0},"b":{"0":[0,18],"1":[0,18],"2":[0,0],"3":[0,0],"4":[0,0],"5":[0,0],"6":[0,0],"7":[0,0]},"_coverageSchema":"1a1c01bbd47fc00a2c39e90264f33305004495a9","hash":"52869ba8a5edf86f5c37d69e554da40e246cb2aa"}
,"/home/otaylor/git/GADS/src/frontend/js/lib/logging.js": {"path":"/home/otaylor/git/GADS/src/frontend/js/lib/logging.js","statementMap":{"0":{"start":{"line":3,"column":6},"end":{"line":7,"column":59}},"1":{"start":{"line":11,"column":6},"end":{"line":13,"column":7}},"2":{"start":{"line":12,"column":10},"end":{"line":12,"column":30}},"3":{"start":{"line":17,"column":6},"end":{"line":19,"column":7}},"4":{"start":{"line":18,"column":10},"end":{"line":18,"column":31}},"5":{"start":{"line":23,"column":6},"end":{"line":25,"column":7}},"6":{"start":{"line":24,"column":10},"end":{"line":24,"column":31}},"7":{"start":{"line":29,"column":6},"end":{"line":31,"column":7}},"8":{"start":{"line":30,"column":10},"end":{"line":30,"column":32}},"9":{"start":{"line":35,"column":16},"end":{"line":35,"column":27}}},"fnMap":{"0":{"name":"(anonymous_0)","decl":{"start":{"line":2,"column":2},"end":{"line":2,"column":3}},"loc":{"start":{"line":2,"column":17},"end":{"line":8,"column":3}},"line":2},"1":{"name":"(anonymous_1)","decl":{"start":{"line":10,"column":2},"end":{"line":10,"column":3}},"loc":{"start":{"line":10,"column":18},"end":{"line":14,"column":3}},"line":10},"2":{"name":"(anonymous_2)","decl":{"start":{"line":16,"column":2},"end":{"line":16,"column":3}},"loc":{"start":{"line":16,"column":19},"end":{"line":20,"column":3}},"line":16},"3":{"name":"(anonymous_3)","decl":{"start":{"line":22,"column":2},"end":{"line":22,"column":3}},"loc":{"start":{"line":22,"column":19},"end":{"line":26,"column":3}},"line":22},"4":{"name":"(anonymous_4)","decl":{"start":{"line":28,"column":2},"end":{"line":28,"column":3}},"loc":{"start":{"line":28,"column":20},"end":{"line":32,"column":3}},"line":28}},"branchMap":{"0":{"loc":{"start":{"line":4,"column":10},"end":{"line":7,"column":59}},"type":"binary-expr","locations":[{"start":{"line":4,"column":10},"end":{"line":4,"column":21}},{"start":{"line":5,"column":10},"end":{"line":5,"column":43}},{"start":{"line":6,"column":10},"end":{"line":6,"column":43}},{"start":{"line":7,"column":10},"end":{"line":7,"column":59}}],"line":4},"1":{"loc":{"start":{"line":11,"column":6},"end":{"line":13,"column":7}},"type":"if","locations":[{"start":{"line":11,"column":6},"end":{"line":13,"column":7}},{"start":{},"end":{}}],"line":11},"2":{"loc":{"start":{"line":17,"column":6},"end":{"line":19,"column":7}},"type":"if","locations":[{"start":{"line":17,"column":6},"end":{"line":19,"column":7}},{"start":{},"end":{}}],"line":17},"3":{"loc":{"start":{"line":23,"column":6},"end":{"line":25,"column":7}},"type":"if","locations":[{"start":{"line":23,"column":6},"end":{"line":25,"column":7}},{"start":{},"end":{}}],"line":23},"4":{"loc":{"start":{"line":29,"column":6},"end":{"line":31,"column":7}},"type":"if","locations":[{"start":{"line":29,"column":6},"end":{"line":31,"column":7}},{"start":{},"end":{}}],"line":29}},"s":{"0":1,"1":0,"2":0,"3":0,"4":0,"5":0,"6":0,"7":0,"8":0,"9":1},"f":{"0":1,"1":0,"2":0,"3":0,"4":0},"b":{"0":[1,0,0,0],"1":[0,0],"2":[0,0],"3":[0,0],"4":[0,0]},"_coverageSchema":"1a1c01bbd47fc00a2c39e90264f33305004495a9","hash":"69cb46bcdfb0acf7717d46a8fd0f14ae7357779e"}
,"/home/otaylor/git/GADS/src/frontend/js/lib/validation.js": {"path":"/home/otaylor/git/GADS/src/frontend/js/lib/validation.js","statementMap":{"0":{"start":{"line":2,"column":30},"end":{"line":97,"column":1}},"1":{"start":{"line":4,"column":2},"end":{"line":96,"column":3}},"2":{"start":{"line":5,"column":24},"end":{"line":5,"column":56}},"3":{"start":{"line":8,"column":4},"end":{"line":24,"column":5}},"4":{"start":{"line":9,"column":29},"end":{"line":9,"column":48}},"5":{"start":{"line":10,"column":26},"end":{"line":10,"column":71}},"6":{"start":{"line":11,"column":23},"end":{"line":11,"column":55}},"7":{"start":{"line":13,"column":6},"end":{"line":13,"column":77}},"8":{"start":{"line":13,"column":37},"end":{"line":13,"column":74}},"9":{"start":{"line":14,"column":6},"end":{"line":14,"column":76}},"10":{"start":{"line":14,"column":36},"end":{"line":14,"column":73}},"11":{"start":{"line":15,"column":6},"end":{"line":15,"column":84}},"12":{"start":{"line":15,"column":44},"end":{"line":15,"column":81}},"13":{"start":{"line":19,"column":23},"end":{"line":19,"column":52}},"14":{"start":{"line":20,"column":26},"end":{"line":20,"column":58}},"15":{"start":{"line":22,"column":6},"end":{"line":22,"column":90}},"16":{"start":{"line":22,"column":41},"end":{"line":22,"column":88}},"17":{"start":{"line":22,"column":60},"end":{"line":22,"column":80}},"18":{"start":{"line":23,"column":6},"end":{"line":23,"column":61}},"19":{"start":{"line":23,"column":37},"end":{"line":23,"column":57}},"20":{"start":{"line":27,"column":9},"end":{"line":96,"column":3}},"21":{"start":{"line":28,"column":24},"end":{"line":28,"column":56}},"22":{"start":{"line":29,"column":4},"end":{"line":29,"column":91}},"23":{"start":{"line":29,"column":42},"end":{"line":29,"column":89}},"24":{"start":{"line":29,"column":61},"end":{"line":29,"column":81}},"25":{"start":{"line":32,"column":9},"end":{"line":96,"column":3}},"26":{"start":{"line":33,"column":20},"end":{"line":33,"column":40}},"27":{"start":{"line":34,"column":21},"end":{"line":34,"column":50}},"28":{"start":{"line":36,"column":4},"end":{"line":36,"column":80}},"29":{"start":{"line":36,"column":31},"end":{"line":36,"column":78}},"30":{"start":{"line":36,"column":50},"end":{"line":36,"column":70}},"31":{"start":{"line":37,"column":4},"end":{"line":37,"column":58}},"32":{"start":{"line":37,"column":34},"end":{"line":37,"column":54}},"33":{"start":{"line":40,"column":9},"end":{"line":96,"column":3}},"34":{"start":{"line":41,"column":26},"end":{"line":41,"column":55}},"35":{"start":{"line":42,"column":4},"end":{"line":42,"column":99}},"36":{"start":{"line":42,"column":44},"end":{"line":42,"column":96}},"37":{"start":{"line":42,"column":63},"end":{"line":42,"column":88}},"38":{"start":{"line":45,"column":9},"end":{"line":96,"column":3}},"39":{"start":{"line":47,"column":6},"end":{"line":82,"column":7}},"40":{"start":{"line":48,"column":29},"end":{"line":48,"column":63}},"41":{"start":{"line":49,"column":30},"end":{"line":49,"column":59}},"42":{"start":{"line":52,"column":8},"end":{"line":55,"column":20}},"43":{"start":{"line":53,"column":10},"end":{"line":55,"column":17}},"44":{"start":{"line":54,"column":12},"end":{"line":54,"column":37}},"45":{"start":{"line":57,"column":8},"end":{"line":60,"column":20}},"46":{"start":{"line":58,"column":10},"end":{"line":60,"column":17}},"47":{"start":{"line":59,"column":12},"end":{"line":59,"column":37}},"48":{"start":{"line":62,"column":8},"end":{"line":62,"column":74}},"49":{"start":{"line":62,"column":42},"end":{"line":62,"column":70}},"50":{"start":{"line":66,"column":29},"end":{"line":66,"column":63}},"51":{"start":{"line":67,"column":28},"end":{"line":67,"column":64}},"52":{"start":{"line":70,"column":8},"end":{"line":73,"column":20}},"53":{"start":{"line":71,"column":10},"end":{"line":73,"column":17}},"54":{"start":{"line":72,"column":12},"end":{"line":72,"column":40}},"55":{"start":{"line":75,"column":8},"end":{"line":78,"column":20}},"56":{"start":{"line":76,"column":10},"end":{"line":78,"column":17}},"57":{"start":{"line":77,"column":12},"end":{"line":77,"column":40}},"58":{"start":{"line":80,"column":8},"end":{"line":80,"column":72}},"59":{"start":{"line":80,"column":40},"end":{"line":80,"column":68}},"60":{"start":{"line":85,"column":9},"end":{"line":96,"column":3}},"61":{"start":{"line":86,"column":27},"end":{"line":86,"column":55}},"62":{"start":{"line":89,"column":4},"end":{"line":92,"column":16}},"63":{"start":{"line":90,"column":6},"end":{"line":92,"column":13}},"64":{"start":{"line":91,"column":8},"end":{"line":91,"column":27}},"65":{"start":{"line":94,"column":4},"end":{"line":94,"column":72}},"66":{"start":{"line":94,"column":39},"end":{"line":94,"column":68}},"67":{"start":{"line":100,"column":31},"end":{"line":157,"column":1}},"68":{"start":{"line":101,"column":20},"end":{"line":101,"column":24}},"69":{"start":{"line":103,"column":2},"end":{"line":108,"column":4}},"70":{"start":{"line":104,"column":4},"end":{"line":107,"column":5}},"71":{"start":{"line":105,"column":6},"end":{"line":105,"column":31}},"72":{"start":{"line":106,"column":6},"end":{"line":106,"column":25}},"73":{"start":{"line":110,"column":2},"end":{"line":115,"column":4}},"74":{"start":{"line":111,"column":4},"end":{"line":114,"column":5}},"75":{"start":{"line":112,"column":6},"end":{"line":112,"column":31}},"76":{"start":{"line":113,"column":6},"end":{"line":113,"column":25}},"77":{"start":{"line":117,"column":2},"end":{"line":122,"column":4}},"78":{"start":{"line":118,"column":4},"end":{"line":121,"column":5}},"79":{"start":{"line":119,"column":6},"end":{"line":119,"column":31}},"80":{"start":{"line":120,"column":6},"end":{"line":120,"column":25}},"81":{"start":{"line":124,"column":2},"end":{"line":137,"column":4}},"82":{"start":{"line":125,"column":4},"end":{"line":135,"column":5}},"83":{"start":{"line":126,"column":6},"end":{"line":129,"column":7}},"84":{"start":{"line":127,"column":8},"end":{"line":127,"column":33}},"85":{"start":{"line":128,"column":8},"end":{"line":128,"column":27}},"86":{"start":{"line":131,"column":6},"end":{"line":134,"column":7}},"87":{"start":{"line":132,"column":8},"end":{"line":132,"column":33}},"88":{"start":{"line":133,"column":8},"end":{"line":133,"column":27}},"89":{"start":{"line":139,"column":2},"end":{"line":144,"column":4}},"90":{"start":{"line":140,"column":4},"end":{"line":143,"column":5}},"91":{"start":{"line":141,"column":6},"end":{"line":141,"column":78}},"92":{"start":{"line":142,"column":6},"end":{"line":142,"column":25}},"93":{"start":{"line":147,"column":2},"end":{"line":154,"column":5}},"94":{"start":{"line":148,"column":4},"end":{"line":153,"column":5}},"95":{"start":{"line":149,"column":6},"end":{"line":149,"column":103}},"96":{"start":{"line":150,"column":6},"end":{"line":150,"column":35}},"97":{"start":{"line":151,"column":6},"end":{"line":151,"column":76}},"98":{"start":{"line":152,"column":6},"end":{"line":152,"column":26}},"99":{"start":{"line":156,"column":2},"end":{"line":156,"column":20}},"100":{"start":{"line":159,"column":43},"end":{"line":168,"column":1}},"101":{"start":{"line":160,"column":16},"end":{"line":160,"column":21}},"102":{"start":{"line":161,"column":2},"end":{"line":166,"column":5}},"103":{"start":{"line":162,"column":4},"end":{"line":165,"column":5}},"104":{"start":{"line":163,"column":6},"end":{"line":163,"column":21}},"105":{"start":{"line":164,"column":6},"end":{"line":164,"column":18}},"106":{"start":{"line":167,"column":2},"end":{"line":167,"column":17}},"107":{"start":{"line":170,"column":24},"end":{"line":176,"column":1}},"108":{"start":{"line":171,"column":20},"end":{"line":171,"column":44}},"109":{"start":{"line":172,"column":14},"end":{"line":172,"column":98}},"110":{"start":{"line":173,"column":2},"end":{"line":173,"column":44}},"111":{"start":{"line":174,"column":2},"end":{"line":174,"column":23}},"112":{"start":{"line":175,"column":2},"end":{"line":175,"column":25}},"113":{"start":{"line":178,"column":27},"end":{"line":180,"column":1}},"114":{"start":{"line":179,"column":2},"end":{"line":179,"column":31}},"115":{"start":{"line":182,"column":31},"end":{"line":184,"column":1}},"116":{"start":{"line":183,"column":2},"end":{"line":183,"column":99}},"117":{"start":{"line":187,"column":22},"end":{"line":209,"column":1}},"118":{"start":{"line":188,"column":19},"end":{"line":188,"column":43}},"119":{"start":{"line":189,"column":23},"end":{"line":189,"column":55}},"120":{"start":{"line":190,"column":16},"end":{"line":190,"column":41}},"121":{"start":{"line":192,"column":2},"end":{"line":192,"column":30}},"122":{"start":{"line":194,"column":2},"end":{"line":208,"column":3}},"123":{"start":{"line":195,"column":4},"end":{"line":195,"column":39}},"124":{"start":{"line":196,"column":4},"end":{"line":196,"column":47}},"125":{"start":{"line":197,"column":4},"end":{"line":197,"column":29}},"126":{"start":{"line":198,"column":4},"end":{"line":198,"column":70}},"127":{"start":{"line":199,"column":4},"end":{"line":199,"column":16}},"128":{"start":{"line":202,"column":4},"end":{"line":202,"column":39}},"129":{"start":{"line":203,"column":4},"end":{"line":203,"column":29}},"130":{"start":{"line":204,"column":4},"end":{"line":204,"column":32}},"131":{"start":{"line":205,"column":4},"end":{"line":205,"column":73}},"132":{"start":{"line":206,"column":4},"end":{"line":206,"column":15}},"133":{"start":{"line":212,"column":27},"end":{"line":242,"column":1}},"134":{"start":{"line":213,"column":24},"end":{"line":213,"column":53}},"135":{"start":{"line":214,"column":20},"end":{"line":214,"column":56}},"136":{"start":{"line":215,"column":23},"end":{"line":215,"column":78}},"137":{"start":{"line":216,"column":16},"end":{"line":216,"column":38}},"138":{"start":{"line":217,"column":18},"end":{"line":217,"column":23}},"139":{"start":{"line":219,"column":2},"end":{"line":219,"column":30}},"140":{"start":{"line":221,"column":2},"end":{"line":225,"column":4}},"141":{"start":{"line":222,"column":4},"end":{"line":224,"column":5}},"142":{"start":{"line":223,"column":6},"end":{"line":223,"column":22}},"143":{"start":{"line":227,"column":2},"end":{"line":241,"column":3}},"144":{"start":{"line":228,"column":4},"end":{"line":228,"column":44}},"145":{"start":{"line":229,"column":4},"end":{"line":229,"column":47}},"146":{"start":{"line":230,"column":4},"end":{"line":230,"column":29}},"147":{"start":{"line":231,"column":4},"end":{"line":231,"column":70}},"148":{"start":{"line":232,"column":4},"end":{"line":232,"column":16}},"149":{"start":{"line":235,"column":4},"end":{"line":235,"column":44}},"150":{"start":{"line":236,"column":4},"end":{"line":236,"column":29}},"151":{"start":{"line":237,"column":4},"end":{"line":237,"column":32}},"152":{"start":{"line":238,"column":4},"end":{"line":238,"column":73}},"153":{"start":{"line":239,"column":4},"end":{"line":239,"column":15}},"154":{"start":{"line":245,"column":30},"end":{"line":273,"column":1}},"155":{"start":{"line":246,"column":22},"end":{"line":246,"column":58}},"156":{"start":{"line":247,"column":20},"end":{"line":247,"column":56}},"157":{"start":{"line":248,"column":23},"end":{"line":248,"column":78}},"158":{"start":{"line":249,"column":16},"end":{"line":249,"column":38}},"159":{"start":{"line":250,"column":18},"end":{"line":250,"column":23}},"160":{"start":{"line":252,"column":2},"end":{"line":252,"column":30}},"161":{"start":{"line":254,"column":2},"end":{"line":258,"column":4}},"162":{"start":{"line":255,"column":4},"end":{"line":257,"column":5}},"163":{"start":{"line":256,"column":6},"end":{"line":256,"column":22}},"164":{"start":{"line":260,"column":2},"end":{"line":271,"column":3}},"165":{"start":{"line":261,"column":4},"end":{"line":261,"column":47}},"166":{"start":{"line":262,"column":4},"end":{"line":262,"column":29}},"167":{"start":{"line":263,"column":4},"end":{"line":263,"column":70}},"168":{"start":{"line":264,"column":4},"end":{"line":264,"column":16}},"169":{"start":{"line":267,"column":4},"end":{"line":267,"column":29}},"170":{"start":{"line":268,"column":4},"end":{"line":268,"column":32}},"171":{"start":{"line":269,"column":4},"end":{"line":269,"column":73}},"172":{"start":{"line":270,"column":4},"end":{"line":270,"column":15}},"173":{"start":{"line":276,"column":21},"end":{"line":300,"column":1}},"174":{"start":{"line":277,"column":19},"end":{"line":277,"column":53}},"175":{"start":{"line":278,"column":20},"end":{"line":278,"column":56}},"176":{"start":{"line":279,"column":2},"end":{"line":279,"column":45}},"177":{"start":{"line":279,"column":38},"end":{"line":279,"column":45}},"178":{"start":{"line":280,"column":23},"end":{"line":280,"column":78}},"179":{"start":{"line":281,"column":16},"end":{"line":281,"column":38}},"180":{"start":{"line":283,"column":2},"end":{"line":283,"column":30}},"181":{"start":{"line":285,"column":2},"end":{"line":299,"column":3}},"182":{"start":{"line":286,"column":4},"end":{"line":286,"column":39}},"183":{"start":{"line":287,"column":4},"end":{"line":287,"column":47}},"184":{"start":{"line":288,"column":4},"end":{"line":288,"column":29}},"185":{"start":{"line":289,"column":4},"end":{"line":289,"column":70}},"186":{"start":{"line":290,"column":4},"end":{"line":290,"column":16}},"187":{"start":{"line":293,"column":4},"end":{"line":293,"column":39}},"188":{"start":{"line":294,"column":4},"end":{"line":294,"column":29}},"189":{"start":{"line":295,"column":4},"end":{"line":295,"column":32}},"190":{"start":{"line":296,"column":4},"end":{"line":296,"column":73}},"191":{"start":{"line":297,"column":4},"end":{"line":297,"column":15}},"192":{"start":{"line":303,"column":27},"end":{"line":322,"column":1}},"193":{"start":{"line":304,"column":20},"end":{"line":304,"column":75}},"194":{"start":{"line":305,"column":2},"end":{"line":305,"column":47}},"195":{"start":{"line":305,"column":40},"end":{"line":305,"column":47}},"196":{"start":{"line":306,"column":17},"end":{"line":306,"column":70}},"197":{"start":{"line":308,"column":2},"end":{"line":308,"column":61}},"198":{"start":{"line":310,"column":2},"end":{"line":321,"column":3}},"199":{"start":{"line":311,"column":6},"end":{"line":311,"column":32}},"200":{"start":{"line":316,"column":4},"end":{"line":319,"column":6}},"201":{"start":{"line":317,"column":6},"end":{"line":317,"column":32}},"202":{"start":{"line":318,"column":6},"end":{"line":318,"column":46}},"203":{"start":{"line":320,"column":4},"end":{"line":320,"column":30}}},"fnMap":{"0":{"name":"(anonymous_0)","decl":{"start":{"line":2,"column":30},"end":{"line":2,"column":31}},"loc":{"start":{"line":2,"column":41},"end":{"line":97,"column":1}},"line":2},"1":{"name":"(anonymous_1)","decl":{"start":{"line":13,"column":29},"end":{"line":13,"column":30}},"loc":{"start":{"line":13,"column":35},"end":{"line":13,"column":76}},"line":13},"2":{"name":"(anonymous_2)","decl":{"start":{"line":14,"column":28},"end":{"line":14,"column":29}},"loc":{"start":{"line":14,"column":34},"end":{"line":14,"column":75}},"line":14},"3":{"name":"(anonymous_3)","decl":{"start":{"line":15,"column":36},"end":{"line":15,"column":37}},"loc":{"start":{"line":15,"column":42},"end":{"line":15,"column":83}},"line":15},"4":{"name":"(anonymous_4)","decl":{"start":{"line":22,"column":33},"end":{"line":22,"column":34}},"loc":{"start":{"line":22,"column":39},"end":{"line":22,"column":89}},"line":22},"5":{"name":"(anonymous_5)","decl":{"start":{"line":22,"column":52},"end":{"line":22,"column":53}},"loc":{"start":{"line":22,"column":58},"end":{"line":22,"column":82}},"line":22},"6":{"name":"(anonymous_6)","decl":{"start":{"line":23,"column":29},"end":{"line":23,"column":30}},"loc":{"start":{"line":23,"column":35},"end":{"line":23,"column":59}},"line":23},"7":{"name":"(anonymous_7)","decl":{"start":{"line":29,"column":34},"end":{"line":29,"column":35}},"loc":{"start":{"line":29,"column":40},"end":{"line":29,"column":90}},"line":29},"8":{"name":"(anonymous_8)","decl":{"start":{"line":29,"column":53},"end":{"line":29,"column":54}},"loc":{"start":{"line":29,"column":59},"end":{"line":29,"column":83}},"line":29},"9":{"name":"(anonymous_9)","decl":{"start":{"line":36,"column":23},"end":{"line":36,"column":24}},"loc":{"start":{"line":36,"column":29},"end":{"line":36,"column":79}},"line":36},"10":{"name":"(anonymous_10)","decl":{"start":{"line":36,"column":42},"end":{"line":36,"column":43}},"loc":{"start":{"line":36,"column":48},"end":{"line":36,"column":72}},"line":36},"11":{"name":"(anonymous_11)","decl":{"start":{"line":37,"column":26},"end":{"line":37,"column":27}},"loc":{"start":{"line":37,"column":32},"end":{"line":37,"column":56}},"line":37},"12":{"name":"(anonymous_12)","decl":{"start":{"line":42,"column":36},"end":{"line":42,"column":37}},"loc":{"start":{"line":42,"column":42},"end":{"line":42,"column":97}},"line":42},"13":{"name":"(anonymous_13)","decl":{"start":{"line":42,"column":55},"end":{"line":42,"column":56}},"loc":{"start":{"line":42,"column":61},"end":{"line":42,"column":90}},"line":42},"14":{"name":"(anonymous_14)","decl":{"start":{"line":52,"column":40},"end":{"line":52,"column":41}},"loc":{"start":{"line":52,"column":46},"end":{"line":55,"column":18}},"line":52},"15":{"name":"(anonymous_15)","decl":{"start":{"line":53,"column":38},"end":{"line":53,"column":39}},"loc":{"start":{"line":53,"column":44},"end":{"line":55,"column":11}},"line":53},"16":{"name":"(anonymous_16)","decl":{"start":{"line":57,"column":32},"end":{"line":57,"column":33}},"loc":{"start":{"line":57,"column":38},"end":{"line":60,"column":18}},"line":57},"17":{"name":"(anonymous_17)","decl":{"start":{"line":58,"column":38},"end":{"line":58,"column":39}},"loc":{"start":{"line":58,"column":44},"end":{"line":60,"column":11}},"line":58},"18":{"name":"(anonymous_18)","decl":{"start":{"line":62,"column":34},"end":{"line":62,"column":35}},"loc":{"start":{"line":62,"column":40},"end":{"line":62,"column":72}},"line":62},"19":{"name":"(anonymous_19)","decl":{"start":{"line":70,"column":38},"end":{"line":70,"column":39}},"loc":{"start":{"line":70,"column":44},"end":{"line":73,"column":18}},"line":70},"20":{"name":"(anonymous_20)","decl":{"start":{"line":71,"column":38},"end":{"line":71,"column":39}},"loc":{"start":{"line":71,"column":44},"end":{"line":73,"column":11}},"line":71},"21":{"name":"(anonymous_21)","decl":{"start":{"line":75,"column":32},"end":{"line":75,"column":33}},"loc":{"start":{"line":75,"column":38},"end":{"line":78,"column":18}},"line":75},"22":{"name":"(anonymous_22)","decl":{"start":{"line":76,"column":38},"end":{"line":76,"column":39}},"loc":{"start
[...]
,"/home/otaylor/git/GADS/src/frontend/js/lib/util/typeahead/lib/Typeahead.ts": {"path":"/home/otaylor/git/GADS/src/frontend/js/lib/util/typeahead/lib/Typeahead.ts","statementMap":{"0":{"start":{"line":20,"column":8},"end":{"line":20,"column":20}},"1":{"start":{"line":27,"column":58},"end":{"line":27,"column":76}},"2":{"start":{"line":28,"column":27},"end":{"line":41,"column":10}},"3":{"start":{"line":35,"column":20},"end":{"line":35,"column":44}},"4":{"start":{"line":43,"column":8},"end":{"line":63,"column":11}},"5":{"start":{"line":54,"column":20},"end":{"line":54,"column":53}},"6":{"start":{"line":57,"column":20},"end":{"line":57,"column":51}},"7":{"start":{"line":60,"column":20},"end":{"line":60,"column":57}},"8":{"start":{"line":65,"column":8},"end":{"line":67,"column":11}},"9":{"start":{"line":66,"column":12},"end":{"line":66,"column":38}},"10":{"start":{"line":69,"column":8},"end":{"line":81,"column":9}},"11":{"start":{"line":70,"column":12},"end":{"line":72,"column":15}},"12":{"start":{"line":71,"column":16},"end":{"line":71,"column":55}},"13":{"start":{"line":74,"column":12},"end":{"line":76,"column":15}},"14":{"start":{"line":75,"column":16},"end":{"line":75,"column":55}},"15":{"start":{"line":78,"column":12},"end":{"line":80,"column":15}},"16":{"start":{"line":79,"column":16},"end":{"line":79,"column":54}}},"fnMap":{"0":{"name":"(anonymous_0)","decl":{"start":{"line":19,"column":4},"end":{"line":19,"column":5}},"loc":{"start":{"line":19,"column":161},"end":{"line":21,"column":5}},"line":19},"1":{"name":"(anonymous_1)","decl":{"start":{"line":26,"column":4},"end":{"line":26,"column":5}},"loc":{"start":{"line":26,"column":19},"end":{"line":82,"column":5}},"line":26},"2":{"name":"(anonymous_2)","decl":{"start":{"line":34,"column":27},"end":{"line":34,"column":28}},"loc":{"start":{"line":34,"column":41},"end":{"line":36,"column":17}},"line":34},"3":{"name":"(anonymous_3)","decl":{"start":{"line":53,"column":28},"end":{"line":53,"column":29}},"loc":{"start":{"line":53,"column":54},"end":{"line":55,"column":17}},"line":53},"4":{"name":"(anonymous_4)","decl":{"start":{"line":56,"column":25},"end":{"line":56,"column":26}},"loc":{"start":{"line":56,"column":31},"end":{"line":58,"column":17}},"line":56},"5":{"name":"(anonymous_5)","decl":{"start":{"line":59,"column":26},"end":{"line":59,"column":27}},"loc":{"start":{"line":59,"column":32},"end":{"line":61,"column":17}},"line":59},"6":{"name":"(anonymous_6)","decl":{"start":{"line":65,"column":43},"end":{"line":65,"column":44}},"loc":{"start":{"line":65,"column":84},"end":{"line":67,"column":9}},"line":65},"7":{"name":"(anonymous_7)","decl":{"start":{"line":70,"column":53},"end":{"line":70,"column":54}},"loc":{"start":{"line":70,"column":59},"end":{"line":72,"column":13}},"line":70},"8":{"name":"(anonymous_8)","decl":{"start":{"line":74,"column":53},"end":{"line":74,"column":54}},"loc":{"start":{"line":74,"column":59},"end":{"line":76,"column":13}},"line":74},"9":{"name":"(anonymous_9)","decl":{"start":{"line":78,"column":52},"end":{"line":78,"column":53}},"loc":{"start":{"line":78,"column":58},"end":{"line":80,"column":13}},"line":78}},"branchMap":{"0":{"loc":{"start":{"line":32,"column":35},"end":{"line":32,"column":63}},"type":"cond-expr","locations":[{"start":{"line":32,"column":50},"end":{"line":32,"column":58}},{"start":{"line":32,"column":61},"end":{"line":32,"column":63}}],"line":32},"1":{"loc":{"start":{"line":69,"column":8},"end":{"line":81,"column":9}},"type":"if","locations":[{"start":{"line":69,"column":8},"end":{"line":81,"column":9}},{"start":{},"end":{}}],"line":69}},"s":{"0":1,"1":1,"2":1,"3":0,"4":1,"5":0,"6":0,"7":0,"8":1,"9":0,"10":1,"11":1,"12":0,"13":1,"14":0,"15":1,"16":0},"f":{"0":1,"1":1,"2":0,"3":0,"4":0,"5":0,"6":0,"7":0,"8":0,"9":0},"b":{"0":[0,1],"1":[1,0]},"_coverageSchema":"1a1c01bbd47fc00a2c39e90264f33305004495a9","hash":"a93537595f50907d811355d37f3096c3866bf1dc"}
,"/home/otaylor/git/GADS/src/frontend/js/lib/util/typeahead/lib/TypeaheadBuilder.ts": {"path":"/home/otaylor/git/GADS/src/frontend/js/lib/util/typeahead/lib/TypeaheadBuilder.ts","statementMap":{"0":{"start":{"line":26,"column":37},"end":{"line":26,"column":108}},"1":{"start":{"line":26,"column":53},"end":{"line":26,"column":107}},"2":{"start":{"line":26,"column":74},"end":{"line":26,"column":105}},"3":{"start":{"line":33,"column":8},"end":{"line":33,"column":33}},"4":{"start":{"line":34,"column":8},"end":{"line":34,"column":30}},"5":{"start":{"line":43,"column":8},"end":{"line":43,"column":29}},"6":{"start":{"line":44,"column":8},"end":{"line":44,"column":20}},"7":{"start":{"line":53,"column":8},"end":{"line":53,"column":33}},"8":{"start":{"line":54,"column":8},"end":{"line":54,"column":20}},"9":{"start":{"line":63,"column":8},"end":{"line":63,"column":25}},"10":{"start":{"line":64,"column":8},"end":{"line":64,"column":20}},"11":{"start":{"line":73,"column":8},"end":{"line":73,"column":37}},"12":{"start":{"line":74,"column":8},"end":{"line":74,"column":20}},"13":{"start":{"line":82,"column":8},"end":{"line":82,"column":39}},"14":{"start":{"line":83,"column":8},"end":{"line":83,"column":20}},"15":{"start":{"line":92,"column":8},"end":{"line":92,"column":37}},"16":{"start":{"line":93,"column":8},"end":{"line":93,"column":25}},"17":{"start":{"line":94,"column":8},"end":{"line":94,"column":20}},"18":{"start":{"line":103,"column":8},"end":{"line":103,"column":29}},"19":{"start":{"line":104,"column":8},"end":{"line":104,"column":20}},"20":{"start":{"line":108,"column":8},"end":{"line":108,"column":26}},"21":{"start":{"line":109,"column":8},"end":{"line":109,"column":20}},"22":{"start":{"line":118,"column":8},"end":{"line":118,"column":30}},"23":{"start":{"line":119,"column":8},"end":{"line":119,"column":47}},"24":{"start":{"line":120,"column":8},"end":{"line":120,"column":20}},"25":{"start":{"line":128,"column":8},"end":{"line":128,"column":59}},"26":{"start":{"line":128,"column":26},"end":{"line":128,"column":59}},"27":{"start":{"line":129,"column":8},"end":{"line":129,"column":64}},"28":{"start":{"line":129,"column":28},"end":{"line":129,"column":64}},"29":{"start":{"line":130,"column":8},"end":{"line":130,"column":56}},"30":{"start":{"line":130,"column":24},"end":{"line":130,"column":56}},"31":{"start":{"line":131,"column":8},"end":{"line":131,"column":69}},"32":{"start":{"line":131,"column":30},"end":{"line":131,"column":69}},"33":{"start":{"line":132,"column":24},"end":{"line":132,"column":138}},"34":{"start":{"line":133,"column":8},"end":{"line":133,"column":66}}},"fnMap":{"0":{"name":"(anonymous_0)","decl":{"start":{"line":26,"column":37},"end":{"line":26,"column":38}},"loc":{"start":{"line":26,"column":52},"end":{"line":26,"column":108}},"line":26},"1":{"name":"(anonymous_1)","decl":{"start":{"line":26,"column":69},"end":{"line":26,"column":70}},"loc":{"start":{"line":26,"column":73},"end":{"line":26,"column":106}},"line":26},"2":{"name":"(anonymous_2)","decl":{"start":{"line":32,"column":4},"end":{"line":32,"column":5}},"loc":{"start":{"line":32,"column":18},"end":{"line":35,"column":5}},"line":32},"3":{"name":"(anonymous_3)","decl":{"start":{"line":42,"column":4},"end":{"line":42,"column":5}},"loc":{"start":{"line":42,"column":48},"end":{"line":45,"column":5}},"line":42},"4":{"name":"(anonymous_4)","decl":{"start":{"line":52,"column":4},"end":{"line":52,"column":5}},"loc":{"start":{"line":52,"column":46},"end":{"line":55,"column":5}},"line":52},"5":{"name":"(anonymous_5)","decl":{"start":{"line":62,"column":4},"end":{"line":62,"column":5}},"loc":{"start":{"line":62,"column":27},"end":{"line":65,"column":5}},"line":62},"6":{"name":"(anonymous_6)","decl":{"start":{"line":72,"column":4},"end":{"line":72,"column":5}},"loc":{"start":{"line":72,"column":39},"end":{"line":75,"column":5}},"line":72},"7":{"name":"(anonymous_7)","decl":{"start":{"line":81,"column":4},"end":{"line":81,"column":5}},"loc":{"start":{"line":81,"column":49},"end":{"line":84,"column":5}},"line":81},"8":{"name":"(anonymous_8)","decl":{"start":{"line":91,"column":4},"end":{"line":91,"column":5}},"loc":{"start":{"line":91,"column":24},"end":{"line":95,"column":5}},"line":91},"9":{"name":"(anonymous_9)","decl":{"start":{"line":102,"column":4},"end":{"line":102,"column":5}},"loc":{"start":{"line":102,"column":39},"end":{"line":105,"column":5}},"line":102},"10":{"name":"(anonymous_10)","decl":{"start":{"line":107,"column":4},"end":{"line":107,"column":5}},"loc":{"start":{"line":107,"column":24},"end":{"line":110,"column":5}},"line":107},"11":{"name":"(anonymous_11)","decl":{"start":{"line":117,"column":4},"end":{"line":117,"column":5}},"loc":{"start":{"line":117,"column":50},"end":{"line":121,"column":5}},"line":117},"12":{"name":"(anonymous_12)","decl":{"start":{"line":127,"column":4},"end":{"line":127,"column":5}},"loc":{"start":{"line":127,"column":12},"end":{"line":134,"column":5}},"line":127}},"branchMap":{"0":{"loc":{"start":{"line":81,"column":20},"end":{"line":81,"column":47}},"type":"default-arg","locations":[{"start":{"line":81,"column":43},"end":{"line":81,"column":47}}],"line":81},"1":{"loc":{"start":{"line":128,"column":8},"end":{"line":128,"column":59}},"type":"if","locations":[{"start":{"line":128,"column":8},"end":{"line":128,"column":59}},{"start":{},"end":{}}],"line":128},"2":{"loc":{"start":{"line":129,"column":8},"end":{"line":129,"column":64}},"type":"if","locations":[{"start":{"line":129,"column":8},"end":{"line":129,"column":64}},{"start":{},"end":{}}],"line":129},"3":{"loc":{"start":{"line":130,"column":8},"end":{"line":130,"column":56}},"type":"if","locations":[{"start":{"line":130,"column":8},"end":{"line":130,"column":56}},{"start":{},"end":{}}],"line":130},"4":{"loc":{"start":{"line":131,"column":8},"end":{"line":131,"column":69}},"type":"if","locations":[{"start":{"line":131,"column":8},"end":{"line":131,"column":69}},{"start":{},"end":{}}],"line":131}},"s":{"0":5,"1":0,"2":0,"3":5,"4":5,"5":4,"6":4,"7":4,"8":4,"9":4,"10":4,"11":4,"12":4,"13":0,"14":0,"15":0,"16":0,"17":0,"18":0,"19":0,"20":0,"21":0,"22":0,"23":0,"24":0,"25":5,"26":1,"27":4,"28":1,"29":3,"30":1,"31":2,"32":1,"33":1,"34":1},"f":{"0":0,"1":0,"2":5,"3":4,"4":4,"5":4,"6":4,"7":0,"8":0,"9":0,"10":0,"11":0,"12":5},"b":{"0":[0],"1":[1,4],"2":[1,3],"3":[1,2],"4":[1,1]},"_coverageSchema":"1a1c01bbd47fc00a2c39e90264f33305004495a9","hash":"baab7d8fee0b771549c30a7f11d17e55d917a060"}
,"/home/otaylor/git/GADS/src/frontend/js/lib/util/typeahead/lib/TypeaheadSourceOptions.ts": {"path":"/home/otaylor/git/GADS/src/frontend/js/lib/util/typeahead/lib/TypeaheadSourceOptions.ts","statementMap":{},"fnMap":{"0":{"name":"(anonymous_0)","decl":{"start":{"line":12,"column":4},"end":{"line":12,"column":5}},"loc":{"start":{"line":18,"column":38},"end":{"line":19,"column":5}},"line":18}},"branchMap":{},"s":{},"f":{"0":1},"b":{},"_coverageSchema":"1a1c01bbd47fc00a2c39e90264f33305004495a9","hash":"5ad6d2fc0e66f94ef0f729557f618fa58d39c2c7"}
,"/home/otaylor/git/GADS/src/frontend/js/lib/util/upload/UploadControl.ts": {"path":"/home/otaylor/git/GADS/src/frontend/js/lib/util/upload/UploadControl.ts","statementMap":{"0":{"start":{"line":35,"column":21},"end":{"line":35,"column":46}},"1":{"start":{"line":36,"column":4},"end":{"line":36,"column":36}},"2":{"start":{"line":37,"column":4},"end":{"line":37,"column":33}},"3":{"start":{"line":49,"column":8},"end":{"line":49,"column":23}},"4":{"start":{"line":50,"column":8},"end":{"line":50,"column":29}},"5":{"start":{"line":58,"column":8},"end":{"line":58,"column":43}},"6":{"start":{"line":67,"column":8},"end":{"line":89,"column":11}},"7":{"start":{"line":68,"column":65},"end":{"line":68,"column":85}},"8":{"start":{"line":69,"column":12},"end":{"line":69,"column":59}},"9":{"start":{"line":70,"column":12},"end":{"line":70,"column":54}},"10":{"start":{"line":70,"column":36},"end":{"line":70,"column":53}},"11":{"start":{"line":71,"column":12},"end":{"line":71,"column":52}},"12":{"start":{"line":71,"column":36},"end":{"line":71,"column":51}},"13":{"start":{"line":72,"column":12},"end":{"line":72,"column":100}},"14":{"start":{"line":72,"column":55},"end":{"line":72,"column":99}},"15":{"start":{"line":73,"column":12},"end":{"line":81,"column":14}},"16":{"start":{"line":74,"column":16},"end":{"line":80,"column":17}},"17":{"start":{"line":75,"column":20},"end":{"line":79,"column":21}},"18":{"start":{"line":76,"column":24},"end":{"line":76,"column":66}},"19":{"start":{"line":78,"column":24},"end":{"line":78,"column":53}},"20":{"start":{"line":83,"column":12},"end":{"line":88,"column":13}},"21":{"start":{"line":84,"column":16},"end":{"line":84,"column":35}},"22":{"start":{"line":86,"column":16},"end":{"line":86,"column":77}},"23":{"start":{"line":87,"column":16},"end":{"line":87,"column":51}}},"fnMap":{"0":{"name":"upload","decl":{"start":{"line":34,"column":15},"end":{"line":34,"column":21}},"loc":{"start":{"line":34,"column":166},"end":{"line":38,"column":1}},"line":34},"1":{"name":"(anonymous_1)","decl":{"start":{"line":34,"column":143},"end":{"line":34,"column":144}},"loc":{"start":{"line":34,"column":149},"end":{"line":34,"column":152}},"line":34},"2":{"name":"(anonymous_2)","decl":{"start":{"line":48,"column":4},"end":{"line":48,"column":5}},"loc":{"start":{"line":48,"column":58},"end":{"line":51,"column":5}},"line":48},"3":{"name":"(anonymous_3)","decl":{"start":{"line":57,"column":4},"end":{"line":57,"column":5}},"loc":{"start":{"line":57,"column":43},"end":{"line":59,"column":5}},"line":57},"4":{"name":"(anonymous_4)","decl":{"start":{"line":66,"column":4},"end":{"line":66,"column":5}},"loc":{"start":{"line":66,"column":58},"end":{"line":90,"column":5}},"line":66},"5":{"name":"(anonymous_5)","decl":{"start":{"line":67,"column":27},"end":{"line":67,"column":28}},"loc":{"start":{"line":67,"column":48},"end":{"line":89,"column":9}},"line":67},"6":{"name":"(anonymous_6)","decl":{"start":{"line":70,"column":30},"end":{"line":70,"column":31}},"loc":{"start":{"line":70,"column":36},"end":{"line":70,"column":53}},"line":70},"7":{"name":"(anonymous_7)","decl":{"start":{"line":71,"column":30},"end":{"line":71,"column":31}},"loc":{"start":{"line":71,"column":36},"end":{"line":71,"column":51}},"line":71},"8":{"name":"(anonymous_8)","decl":{"start":{"line":72,"column":33},"end":{"line":72,"column":34}},"loc":{"start":{"line":72,"column":55},"end":{"line":72,"column":99}},"line":72},"9":{"name":"(anonymous_9)","decl":{"start":{"line":73,"column":41},"end":{"line":73,"column":42}},"loc":{"start":{"line":73,"column":47},"end":{"line":81,"column":13}},"line":73}},"branchMap":{"0":{"loc":{"start":{"line":34,"column":80},"end":{"line":34,"column":110}},"type":"default-arg","locations":[{"start":{"line":34,"column":104},"end":{"line":34,"column":110}}],"line":34},"1":{"loc":{"start":{"line":34,"column":112},"end":{"line":34,"column":152}},"type":"default-arg","locations":[{"start":{"line":34,"column":143},"end":{"line":34,"column":152}}],"line":34},"2":{"loc":{"start":{"line":74,"column":16},"end":{"line":80,"column":17}},"type":"if","locations":[{"start":{"line":74,"column":16},"end":{"line":80,"column":17}},{"start":{},"end":{}}],"line":74},"3":{"loc":{"start":{"line":75,"column":20},"end":{"line":79,"column":21}},"type":"if","locations":[{"start":{"line":75,"column":20},"end":{"line":79,"column":21}},{"start":{"line":77,"column":27},"end":{"line":79,"column":21}}],"line":75},"4":{"loc":{"start":{"line":83,"column":12},"end":{"line":88,"column":13}},"type":"if","locations":[{"start":{"line":83,"column":12},"end":{"line":88,"column":13}},{"start":{"line":85,"column":19},"end":{"line":88,"column":13}}],"line":83}},"s":{"0":0,"1":0,"2":0,"3":4,"4":4,"5":1,"6":4,"7":4,"8":4,"9":4,"10":0,"11":4,"12":0,"13":4,"14":1,"15":4,"16":4,"17":4,"18":3,"19":1,"20":4,"21":1,"22":3,"23":3},"f":{"0":0,"1":0,"2":4,"3":1,"4":4,"5":4,"6":0,"7":0,"8":1,"9":4},"b":{"0":[0],"1":[0],"2":[4,0],"3":[3,1],"4":[1,3]},"_coverageSchema":"1a1c01bbd47fc00a2c39e90264f33305004495a9","hash":"801f2f99e891cddc1e38626f3f9b4f74cce9160b"}
,"/home/otaylor/git/GADS/src/frontend/testing/globals.definitions.ts": {"path":"/home/otaylor/git/GADS/src/frontend/testing/globals.definitions.ts","statementMap":{"0":{"start":{"line":10,"column":0},"end":{"line":10,"column":29}},"1":{"start":{"line":11,"column":0},"end":{"line":11,"column":25}},"2":{"start":{"line":14,"column":4},"end":{"line":20,"column":7}},"3":{"start":{"line":15,"column":8},"end":{"line":19,"column":10}},"4":{"start":{"line":17,"column":16},"end":{"line":17,"column":27}},"5":{"start":{"line":29,"column":4},"end":{"line":29,"column":21}},"6":{"start":{"line":30,"column":4},"end":{"line":30,"column":17}},"7":{"start":{"line":35,"column":4},"end":{"line":41,"column":7}},"8":{"start":{"line":36,"column":8},"end":{"line":40,"column":10}},"9":{"start":{"line":38,"column":16},"end":{"line":38,"column":26}},"10":{"start":{"line":45,"column":50},"end":{"line":45,"column":59}},"11":{"start":{"line":46,"column":99},"end":{"line":46,"column":108}},"12":{"start":{"line":47,"column":99},"end":{"line":47,"column":108}},"13":{"start":{"line":48,"column":67},"end":{"line":48,"column":76}},"14":{"start":{"line":49,"column":76},"end":{"line":49,"column":85}},"15":{"start":{"line":50,"column":82},"end":{"line":50,"column":91}},"16":{"start":{"line":51,"column":64},"end":{"line":51,"column":73}},"17":{"start":{"line":52,"column":25},"end":{"line":52,"column":26}},"18":{"start":{"line":53,"column":21},"end":{"line":53,"column":24}},"19":{"start":{"line":54,"column":27},"end":{"line":54,"column":53}},"20":{"start":{"line":67,"column":47},"end":{"line":67,"column":79}},"21":{"start":{"line":68,"column":44},"end":{"line":68,"column":53}},"22":{"start":{"line":69,"column":50},"end":{"line":69,"column":59}},"23":{"start":{"line":70,"column":49},"end":{"line":70,"column":58}},"24":{"start":{"line":71,"column":47},"end":{"line":71,"column":56}},"25":{"start":{"line":72,"column":41},"end":{"line":72,"column":50}}},"fnMap":{"0":{"name":"mockJQueryAjax","decl":{"start":{"line":13,"column":16},"end":{"line":13,"column":30}},"loc":{"start":{"line":13,"column":33},"end":{"line":21,"column":1}},"line":13},"1":{"name":"(anonymous_1)","decl":{"start":{"line":14,"column":42},"end":{"line":14,"column":43}},"loc":{"start":{"line":14,"column":48},"end":{"line":20,"column":5}},"line":14},"2":{"name":"(anonymous_2)","decl":{"start":{"line":16,"column":18},"end":{"line":16,"column":19}},"loc":{"start":{"line":16,"column":44},"end":{"line":18,"column":13}},"line":16},"3":{"name":"initGlobals","decl":{"start":{"line":28,"column":16},"end":{"line":28,"column":27}},"loc":{"start":{"line":28,"column":30},"end":{"line":31,"column":1}},"line":28},"4":{"name":"mockJSTree","decl":{"start":{"line":33,"column":16},"end":{"line":33,"column":26}},"loc":{"start":{"line":33,"column":29},"end":{"line":42,"column":1}},"line":33},"5":{"name":"(anonymous_5)","decl":{"start":{"line":35,"column":47},"end":{"line":35,"column":48}},"loc":{"start":{"line":35,"column":65},"end":{"line":41,"column":5}},"line":35},"6":{"name":"(anonymous_6)","decl":{"start":{"line":37,"column":22},"end":{"line":37,"column":23}},"loc":{"start":{"line":37,"column":28},"end":{"line":39,"column":13}},"line":37}},"branchMap":{},"s":{"0":9,"1":9,"2":7,"3":1,"4":1,"5":7,"6":7,"7":7,"8":1,"9":1,"10":5,"11":5,"12":5,"13":5,"14":5,"15":5,"16":5,"17":5,"18":5,"19":5,"20":4,"21":4,"22":4,"23":4,"24":4,"25":4},"f":{"0":7,"1":1,"2":1,"3":7,"4":7,"5":1,"6":1},"b":{},"_coverageSchema":"1a1c01bbd47fc00a2c39e90264f33305004495a9","hash":"89a440f05f4254c4be366509b235fdd9ace5969c"}
}
