TN:
SF:src/frontend/components/button/lib/component.ts
FN:23,(anonymous_0)
FN:32,(anonymous_1)
FN:40,(anonymous_2)
FN:42,(anonymous_3)
FN:44,(anonymous_4)
FN:48,(anonymous_5)
FN:50,(anonymous_6)
FN:54,(anonymous_7)
FN:56,(anonymous_8)
FN:60,(anonymous_9)
FN:62,(anonymous_10)
FN:66,(anonymous_11)
FN:68,(anonymous_12)
FN:72,(anonymous_13)
FN:74,(anonymous_14)
FN:78,(anonymous_15)
FN:80,(anonymous_16)
FN:84,(anonymous_17)
FN:86,(anonymous_18)
FN:90,(anonymous_19)
FN:92,(anonymous_20)
FN:96,(anonymous_21)
FN:98,(anonymous_22)
FN:102,(anonymous_23)
FN:104,(anonymous_24)
FN:115,(anonymous_25)
FN:117,(anonymous_26)
FNF:27
FNH:27
FNDA:41,(anonymous_0)
FNDA:14,(anonymous_1)
FNDA:1,(anonymous_2)
FNDA:2,(anonymous_3)
FNDA:2,(anonymous_4)
FNDA:1,(anonymous_5)
FNDA:1,(anonymous_6)
FNDA:1,(anonymous_7)
FNDA:1,(anonymous_8)
FNDA:1,(anonymous_9)
FNDA:1,(anonymous_10)
FNDA:1,(anonymous_11)
FNDA:1,(anonymous_12)
FNDA:1,(anonymous_13)
FNDA:1,(anonymous_14)
FNDA:1,(anonymous_15)
FNDA:1,(anonymous_16)
FNDA:1,(anonymous_17)
FNDA:1,(anonymous_18)
FNDA:1,(anonymous_19)
FNDA:1,(anonymous_20)
FNDA:1,(anonymous_21)
FNDA:1,(anonymous_22)
FNDA:2,(anonymous_23)
FNDA:2,(anonymous_24)
FNDA:14,(anonymous_25)
FNDA:15,(anonymous_26)
DA:12,14
DA:24,41
DA:25,41
DA:33,14
DA:34,14
DA:41,1
DA:42,1
DA:43,2
DA:45,2
DA:48,1
DA:49,1
DA:51,1
DA:54,1
DA:55,1
DA:57,1
DA:60,1
DA:61,1
DA:63,1
DA:66,1
DA:67,1
DA:69,1
DA:72,1
DA:73,1
DA:75,1
DA:78,1
DA:79,1
DA:81,1
DA:84,1
DA:85,1
DA:87,1
DA:90,1
DA:91,1
DA:93,1
DA:96,1
DA:97,1
DA:99,1
DA:102,1
DA:103,2
DA:105,2
DA:108,1
DA:116,14
DA:117,14
DA:118,15
DA:119,14
DA:120,14
DA:121,13
DA:122,13
LF:47
LH:47
BRDA:24,0,0,1
BRDA:24,0,1,40
BRDA:118,1,0,1
BRDA:118,1,1,14
BRDA:119,2,0,0
BRDA:119,2,1,14
BRDA:120,3,0,1
BRDA:120,3,1,13
BRF:8
BRH:7
end_of_record
TN:
SF:src/frontend/components/button/lib/create-report-button.ts
FN:13,(anonymous_0)
FN:14,(anonymous_1)
FN:35,(anonymous_2)
FNF:3
FNH:3
FNDA:5,(anonymous_0)
FNDA:4,(anonymous_1)
FNDA:1,(anonymous_2)
DA:7,5
DA:14,5
DA:15,4
DA:16,4
DA:18,4
DA:19,3
DA:21,3
DA:23,3
DA:24,1
DA:25,1
DA:36,1
DA:37,1
LF:12
LH:12
BRDA:18,0,0,3
BRDA:18,0,1,1
BRDA:23,1,0,1
BRDA:23,1,1,2
BRF:4
BRH:4
end_of_record
TN:
SF:src/frontend/components/button/lib/delete-button.ts
FN:9,createDeleteButton
FN:10,(anonymous_1)
FN:27,(anonymous_2)
FNF:3
FNH:1
FNDA:1,createDeleteButton
FNDA:0,(anonymous_1)
FNDA:0,(anonymous_2)
DA:10,1
DA:11,0
DA:12,0
DA:13,0
DA:14,0
DA:15,0
DA:16,0
DA:17,0
DA:19,0
DA:20,0
DA:21,0
DA:22,0
DA:23,0
DA:26,0
DA:27,0
DA:28,0
DA:30,0
DA:33,0
DA:34,0
LF:19
LH:1
BRDA:16,0,0,0
BRDA:16,0,1,0
BRDA:20,1,0,0
BRDA:20,1,1,0
BRDA:20,2,0,0
BRDA:20,2,1,0
BRDA:20,2,2,0
BRDA:22,3,0,0
BRDA:22,3,1,0
BRDA:30,4,0,0
BRDA:30,4,1,0
BRF:11
BRH:0
end_of_record
TN:
SF:src/frontend/components/button/lib/more-info-button.ts
FN:5,createMoreInfoButton
FN:6,(anonymous_1)
FN:17,(anonymous_2)
FN:20,(anonymous_3)
FN:26,(anonymous_4)
FNF:5
FNH:1
FNDA:1,createMoreInfoButton
FNDA:0,(anonymous_1)
FNDA:0,(anonymous_2)
FNDA:0,(anonymous_3)
FNDA:0,(anonymous_4)
DA:6,1
DA:7,0
DA:8,0
DA:9,0
DA:10,0
DA:12,0
DA:13,0
DA:14,0
DA:17,0
DA:19,0
DA:20,0
DA:21,0
DA:26,0
DA:27,0
LF:14
LH:1
BRDA:19,0,0,0
BRDA:19,0,1,0
BRDA:21,1,0,0
BRDA:21,1,1,0
BRDA:27,2,0,0
BRDA:27,2,1,0
BRF:6
BRH:0
end_of_record
TN:
SF:src/frontend/components/button/lib/remove-curval-button.ts
FN:5,createRemoveCurvalButton
FN:6,(anonymous_1)
FNF:2
FNH:1
FNDA:1,createRemoveCurvalButton
FNDA:0,(anonymous_1)
DA:6,1
DA:7,0
DA:9,0
DA:10,0
DA:11,0
DA:12,0
DA:13,0
DA:14,0
DA:15,0
DA:18,0
DA:20,0
DA:21,0
DA:22,0
DA:24,0
DA:25,0
DA:27,0
DA:28,0
LF:17
LH:1
BRDA:9,0,0,0
BRDA:9,0,1,0
BRDA:10,1,0,0
BRDA:10,1,1,0
BRDA:14,2,0,0
BRDA:14,2,1,0
BRDA:14,3,0,0
BRDA:14,3,1,0
BRDA:20,4,0,0
BRDA:20,4,1,0
BRF:10
BRH:0
end_of_record
TN:
SF:src/frontend/components/button/lib/remove-unload-button.ts
FN:5,createRemoveUnloadButton
FN:6,(anonymous_1)
FNF:2
FNH:1
FNDA:2,createRemoveUnloadButton
FNDA:0,(anonymous_1)
DA:6,2
DA:7,0
LF:2
LH:1
BRF:0
BRH:0
end_of_record
TN:
SF:src/frontend/components/button/lib/save-view-button.ts
FN:7,createSaveViewButtonComponent
FN:11,(anonymous_1)
FN:21,(anonymous_2)
FN:29,(anonymous_3)
FNF:4
FNH:1
FNDA:1,createSaveViewButtonComponent
FNDA:0,(anonymous_1)
FNDA:0,(anonymous_2)
FNDA:0,(anonymous_3)
DA:8,1
DA:9,1
DA:10,1
DA:11,1
DA:12,0
DA:13,0
DA:14,0
DA:15,0
DA:17,0
DA:18,0
DA:21,1
DA:22,0
DA:23,0
DA:24,0
DA:25,0
DA:26,0
DA:27,0
DA:29,0
DA:31,0
DA:32,0
DA:33,0
LF:21
LH:5
BRDA:13,0,0,0
BRDA:13,0,1,0
BRDA:15,1,0,0
BRDA:15,1,1,0
BRDA:15,2,0,0
BRDA:15,2,1,0
BRDA:15,2,2,0
BRDA:15,2,3,0
BRDA:18,3,0,0
BRDA:18,3,1,0
BRDA:18,4,0,0
BRDA:18,4,1,0
BRDA:18,4,2,0
BRDA:18,4,3,0
BRDA:23,5,0,0
BRDA:23,5,1,0
BRDA:25,6,0,0
BRDA:25,6,1,0
BRDA:31,7,0,0
BRDA:31,7,1,0
BRF:20
BRH:0
end_of_record
TN:
SF:src/frontend/components/button/lib/show-blank-button.ts
FN:5,createShowBlankButton
FN:6,(anonymous_1)
FNF:2
FNH:1
FNDA:1,createShowBlankButton
FNDA:0,(anonymous_1)
DA:6,1
DA:7,0
DA:8,0
DA:9,0
DA:11,0
DA:13,0
LF:6
LH:1
BRDA:13,0,0,0
BRDA:13,0,1,0
BRF:2
BRH:0
end_of_record
TN:
SF:src/frontend/components/button/lib/submit-draft-record-button.ts
FN:5,createSubmitDraftRecordButton
FN:6,(anonymous_1)
FNF:2
FNH:1
FNDA:1,createSubmitDraftRecordButton
FNDA:0,(anonymous_1)
DA:6,1
DA:7,0
DA:8,0
DA:11,0
LF:4
LH:1
BRF:0
BRH:0
end_of_record
TN:
SF:src/frontend/components/button/lib/submit-field-button.ts
FN:17,(anonymous_0)
FN:18,(anonymous_1)
FN:81,(anonymous_2)
FN:118,(anonymous_3)
FNF:4
FNH:4
FNDA:3,(anonymous_0)
FNDA:1,(anonymous_1)
FNDA:1,(anonymous_2)
FNDA:1,(anonymous_3)
DA:11,3
DA:18,3
DA:20,1
DA:21,1
DA:22,1
DA:24,1
DA:26,1
DA:27,1
DA:28,1
DA:29,1
DA:31,1
DA:32,1
DA:34,1
DA:36,1
DA:37,1
DA:38,1
DA:39,1
DA:41,1
DA:42,1
DA:43,0
DA:44,0
DA:45,0
DA:46,0
DA:47,0
DA:48,0
DA:49,0
DA:51,0
DA:54,1
DA:55,1
DA:58,1
DA:59,0
DA:62,1
DA:63,0
DA:66,1
DA:67,0
DA:70,1
DA:72,1
DA:73,1
DA:74,1
DA:76,1
DA:83,1
DA:88,1
DA:90,0
DA:93,1
DA:94,0
DA:97,1
DA:98,0
DA:105,1
DA:106,1
DA:107,1
DA:108,1
DA:109,1
DA:119,1
DA:121,0
DA:123,0
LF:55
LH:39
BRDA:26,0,0,1
BRDA:26,0,1,0
BRDA:28,1,0,1
BRDA:28,1,1,0
BRDA:32,2,0,1
BRDA:32,2,1,0
BRDA:42,3,0,0
BRDA:42,3,1,1
BRDA:42,4,0,1
BRDA:42,4,1,0
BRDA:42,4,2,0
BRDA:43,5,0,0
BRDA:43,5,1,0
BRDA:54,6,0,1
BRDA:54,6,1,0
BRDA:54,7,0,1
BRDA:54,7,1,0
BRDA:54,7,2,0
BRDA:54,7,3,1
BRDA:54,7,4,1
BRDA:58,8,0,0
BRDA:58,8,1,1
BRDA:58,9,0,1
BRDA:58,9,1,0
BRDA:58,9,2,0
BRDA:62,10,0,0
BRDA:62,10,1,1
BRDA:62,11,0,1
BRDA:62,11,1,0
BRDA:66,12,0,0
BRDA:66,12,1,1
BRDA:66,13,0,1
BRDA:66,13,1,0
BRDA:70,14,0,1
BRDA:70,14,1,0
BRDA:88,15,0,0
BRDA:88,15,1,1
BRDA:88,16,0,1
BRDA:88,16,1,0
BRDA:93,17,0,0
BRDA:93,17,1,1
BRDA:93,18,0,1
BRDA:93,18,1,0
BRDA:97,19,0,0
BRDA:97,19,1,1
BRDA:119,20,0,1
BRDA:119,20,1,0
BRDA:121,21,0,0
BRDA:121,21,1,0
BRDA:123,22,0,0
BRDA:123,22,1,0
BRF:51
BRH:22
end_of_record
TN:
SF:src/frontend/components/button/lib/submit-record-button.ts
FN:15,(anonymous_0)
FN:16,(anonymous_1)
FNF:2
FNH:1
FNDA:1,(anonymous_0)
FNDA:0,(anonymous_1)
DA:7,1
DA:8,1
DA:9,1
DA:16,1
DA:17,0
DA:18,0
DA:19,0
DA:20,0
DA:22,0
DA:23,0
DA:26,0
DA:27,0
DA:30,0
DA:31,0
DA:33,0
DA:35,0
DA:36,0
DA:37,0
DA:38,0
DA:39,0
DA:41,0
DA:44,0
DA:45,0
DA:46,0
DA:47,0
DA:51,0
DA:52,0
DA:55,0
LF:28
LH:4
BRDA:22,0,0,0
BRDA:22,0,1,0
BRDA:30,1,0,0
BRDA:30,1,1,0
BRDA:35,2,0,0
BRDA:35,2,1,0
BRDA:38,3,0,0
BRDA:38,3,1,0
BRDA:46,4,0,0
BRDA:46,4,1,0
BRDA:55,5,0,0
BRDA:55,5,1,0
BRF:12
BRH:0
end_of_record
TN:
SF:src/frontend/components/button/lib/toggle-all-fields-button.ts
FN:5,createToggleAllFieldsButton
FN:6,(anonymous_1)
FN:13,(anonymous_2)
FN:14,(anonymous_3)
FNF:4
FNH:1
FNDA:1,createToggleAllFieldsButton
FNDA:0,(anonymous_1)
FNDA:0,(anonymous_2)
FNDA:0,(anonymous_3)
DA:6,1
DA:7,0
DA:8,0
DA:9,0
DA:10,0
DA:11,0
DA:12,0
DA:14,0
DA:15,0
LF:9
LH:1
BRF:0
BRH:0
end_of_record
TN:
SF:src/frontend/components/help-view/lib/component.ts
FN:16,(anonymous_0)
FN:26,(anonymous_1)
FN:43,(anonymous_2)
FNF:3
FNH:3
FNDA:4,(anonymous_0)
FNDA:4,(anonymous_1)
FNDA:1,(anonymous_2)
DA:17,4
DA:18,4
DA:27,4
DA:28,4
DA:30,4
DA:31,4
DA:32,0
DA:33,0
DA:35,4
DA:36,4
DA:37,4
DA:38,3
DA:39,3
DA:40,3
DA:41,2
DA:42,2
DA:43,1
DA:44,1
LF:18
LH:16
BRDA:31,0,0,0
BRDA:31,0,1,4
BRDA:31,1,0,4
BRDA:31,1,1,4
BRDA:37,2,0,1
BRDA:37,2,1,3
BRDA:40,3,0,1
BRDA:40,3,1,2
BRDA:42,4,0,1
BRDA:42,4,1,1
BRDA:44,5,0,0
BRDA:44,5,1,1
BRF:12
BRH:10
end_of_record
TN:
SF:src/frontend/js/lib/component.js
FN:11,(anonymous_0)
FN:18,(anonymous_1)
FN:33,(anonymous_2)
FN:35,(anonymous_3)
FN:59,(anonymous_4)
FN:70,(anonymous_5)
FN:71,(anonymous_6)
FN:84,(anonymous_7)
FN:103,(anonymous_8)
FN:113,(anonymous_9)
FN:121,(anonymous_10)
FN:127,(anonymous_11)
FNF:12
FNH:3
FNDA:36,(anonymous_0)
FNDA:18,(anonymous_1)
FNDA:0,(anonymous_2)
FNDA:18,(anonymous_3)
FNDA:0,(anonymous_4)
FNDA:0,(anonymous_5)
FNDA:0,(anonymous_6)
FNDA:0,(anonymous_7)
FNDA:0,(anonymous_8)
FNDA:0,(anonymous_9)
FNDA:0,(anonymous_10)
FNDA:0,(anonymous_11)
DA:4,2
DA:11,2
DA:12,36
DA:18,2
DA:19,18
DA:33,0
DA:36,18
DA:37,0
DA:42,18
DA:43,18
DA:44,18
DA:51,2
DA:59,2
DA:60,0
DA:70,2
DA:71,0
DA:72,0
DA:84,2
DA:85,0
DA:86,0
DA:87,0
DA:90,0
DA:103,2
DA:104,0
DA:105,0
DA:110,0
DA:112,0
DA:113,0
DA:116,0
DA:117,0
DA:120,0
DA:122,0
DA:127,0
LF:33
LH:14
BRDA:19,0,0,0
BRDA:19,0,1,18
BRDA:36,1,0,0
BRDA:36,1,1,18
BRDA:86,2,0,0
BRDA:86,2,1,0
BRDA:104,3,0,0
BRDA:104,3,1,0
BRDA:110,4,0,0
BRDA:110,4,1,0
BRDA:113,5,0,0
BRDA:113,5,1,0
BRDA:116,6,0,0
BRDA:116,6,1,0
BRDA:123,7,0,0
BRDA:123,7,1,0
BRF:16
BRH:2
end_of_record
TN:
SF:src/frontend/js/lib/logging.js
FN:2,(anonymous_0)
FN:10,(anonymous_1)
FN:16,(anonymous_2)
FN:22,(anonymous_3)
FN:28,(anonymous_4)
FNF:5
FNH:1
FNDA:1,(anonymous_0)
FNDA:0,(anonymous_1)
FNDA:0,(anonymous_2)
FNDA:0,(anonymous_3)
FNDA:0,(anonymous_4)
DA:3,1
DA:11,0
DA:12,0
DA:17,0
DA:18,0
DA:23,0
DA:24,0
DA:29,0
DA:30,0
DA:35,1
LF:10
LH:2
BRDA:4,0,0,1
BRDA:4,0,1,0
BRDA:4,0,2,0
BRDA:4,0,3,0
BRDA:11,1,0,0
BRDA:11,1,1,0
BRDA:17,2,0,0
BRDA:17,2,1,0
BRDA:23,3,0,0
BRDA:23,3,1,0
BRDA:29,4,0,0
BRDA:29,4,1,0
BRF:12
BRH:1
end_of_record
TN:
SF:src/frontend/js/lib/validation.js
FN:2,(anonymous_0)
FN:13,(anonymous_1)
FN:14,(anonymous_2)
FN:15,(anonymous_3)
FN:22,(anonymous_4)
FN:22,(anonymous_5)
FN:23,(anonymous_6)
FN:29,(anonymous_7)
FN:29,(anonymous_8)
FN:36,(anonymous_9)
FN:36,(anonymous_10)
FN:37,(anonymous_11)
FN:42,(anonymous_12)
FN:42,(anonymous_13)
FN:52,(anonymous_14)
FN:53,(anonymous_15)
FN:57,(anonymous_16)
FN:58,(anonymous_17)
FN:62,(anonymous_18)
FN:70,(anonymous_19)
FN:71,(anonymous_20)
FN:75,(anonymous_21)
FN:76,(anonymous_22)
FN:80,(anonymous_23)
FN:89,(anonymous_24)
FN:90,(anonymous_25)
FN:94,(anonymous_26)
FN:100,(anonymous_27)
FN:103,(anonymous_28)
FN:110,(anonymous_29)
FN:117,(anonymous_30)
FN:124,(anonymous_31)
FN:139,(anonymous_32)
FN:147,(anonymous_33)
FN:159,(anonymous_34)
FN:161,(anonymous_35)
FN:170,(anonymous_36)
FN:178,(anonymous_37)
FN:182,(anonymous_38)
FN:187,(anonymous_39)
FN:212,(anonymous_40)
FN:221,(anonymous_41)
FN:245,(anonymous_42)
FN:254,(anonymous_43)
FN:276,(anonymous_44)
FN:303,(anonymous_45)
FN:316,(anonymous_46)
FNF:47
FNH:10
FNDA:0,(anonymous_0)
FNDA:0,(anonymous_1)
FNDA:0,(anonymous_2)
FNDA:0,(anonymous_3)
FNDA:0,(anonymous_4)
FNDA:0,(anonymous_5)
FNDA:0,(anonymous_6)
FNDA:0,(anonymous_7)
FNDA:0,(anonymous_8)
FNDA:0,(anonymous_9)
FNDA:0,(anonymous_10)
FNDA:0,(anonymous_11)
FNDA:0,(anonymous_12)
FNDA:0,(anonymous_13)
FNDA:0,(anonymous_14)
FNDA:0,(anonymous_15)
FNDA:0,(anonymous_16)
FNDA:0,(anonymous_17)
FNDA:0,(anonymous_18)
FNDA:0,(anonymous_19)
FNDA:0,(anonymous_20)
FNDA:0,(anonymous_21)
FNDA:0,(anonymous_22)
FNDA:0,(anonymous_23)
FNDA:0,(anonymous_24)
FNDA:0,(anonymous_25)
FNDA:0,(anonymous_26)
FNDA:4,(anonymous_27)
FNDA:2,(anonymous_28)
FNDA:0,(anonymous_29)
FNDA:0,(anonymous_30)
FNDA:0,(anonymous_31)
FNDA:0,(anonymous_32)
FNDA:4,(anonymous_33)
FNDA:4,(anonymous_34)
FNDA:34,(anonymous_35)
FNDA:3,(anonymous_36)
FNDA:3,(anonymous_37)
FNDA:1,(anonymous_38)
FNDA:2,(anonymous_39)
FNDA:0,(anonymous_40)
FNDA:0,(anonymous_41)
FNDA:0,(anonymous_42)
FNDA:0,(anonymous_43)
FNDA:0,(anonymous_44)
FNDA:1,(anonymous_45)
FNDA:0,(anonymous_46)
DA:2,2
DA:4,0
DA:5,0
DA:8,0
DA:9,0
DA:10,0
DA:11,0
DA:13,0
DA:14,0
DA:15,0
DA:19,0
DA:20,0
DA:22,0
DA:23,0
DA:27,0
DA:28,0
DA:29,0
DA:32,0
DA:33,0
DA:34,0
DA:36,0
DA:37,0
DA:40,0
DA:41,0
DA:42,0
DA:45,0
DA:47,0
DA:48,0
DA:49,0
DA:52,0
DA:53,0
DA:54,0
DA:57,0
DA:58,0
DA:59,0
DA:62,0
DA:66,0
DA:67,0
DA:70,0
DA:71,0
DA:72,0
DA:75,0
DA:76,0
DA:77,0
DA:80,0
DA:85,0
DA:86,0
DA:89,0
DA:90,0
DA:91,0
DA:94,0
DA:100,2
DA:101,4
DA:103,4
DA:104,2
DA:105,1
DA:106,1
DA:110,4
DA:111,0
DA:112,0
DA:113,0
DA:117,4
DA:118,0
DA:119,0
DA:120,0
DA:124,4
DA:125,0
DA:126,0
DA:127,0
DA:128,0
DA:131,0
DA:132,0
DA:133,0
DA:139,4
DA:140,0
DA:141,0
DA:142,0
DA:147,4
DA:148,4
DA:149,2
DA:150,2
DA:151,2
DA:152,2
DA:156,4
DA:159,2
DA:160,4
DA:161,4
DA:162,34
DA:163,4
DA:164,4
DA:167,4
DA:170,2
DA:171,3
DA:172,3
DA:173,3
DA:174,3
DA:175,3
DA:178,2
DA:179,3
DA:182,2
DA:183,1
DA:187,2
DA:188,2
DA:189,2
DA:190,2
DA:192,2
DA:194,2
DA:195,1
DA:196,1
DA:197,1
DA:198,1
DA:199,1
DA:202,1
DA:203,1
DA:204,1
DA:205,1
DA:206,1
DA:212,2
DA:213,0
DA:214,0
DA:215,0
DA:216,0
DA:217,0
DA:219,0
DA:221,0
DA:222,0
DA:223,0
DA:227,0
DA:228,0
DA:229,0
DA:230,0
DA:231,0
DA:232,0
DA:235,0
DA:236,0
DA:237,0
DA:238,0
DA:239,0
DA:245,2
DA:246,0
DA:247,0
DA:248,0
DA:249,0
DA:250,0
DA:252,0
DA:254,0
DA:255,0
DA:256,0
DA:260,0
DA:261,0
DA:262,0
DA:263,0
DA:264,0
DA:267,0
DA:268,0
DA:269,0
DA:270,0
DA:276,2
DA:277,0
DA:278,0
DA:279,0
DA:280,0
DA:281,0
DA:283,0
DA:285,0
DA:286,0
DA:287,0
DA:288,0
DA:289,0
DA:290,0
DA:293,0
DA:294,0
DA:295,0
DA:296,0
DA:297,0
DA:303,2
DA:304,1
DA:305,1
DA:306,0
DA:308,0
DA:310,0
DA:311,0
DA:316,0
DA:317,0
DA:318,0
DA:320,0
LF:186
LH:57
BRDA:4,0,0,0
BRDA:4,0,1,0
BRDA:8,1,0,0
BRDA:8,1,1,0
BRDA:27,2,0,0
BRDA:27,2,1,0
BRDA:32,3,0,0
BRDA:32,3,1,0
BRDA:40,4,0,0
BRDA:40,4,1,0
BRDA:45,5,0,0
BRDA:45,5,1,0
BRDA:47,6,0,0
BRDA:47,6,1,0
BRDA:85,7,0,0
BRDA:85,7,1,0
BRDA:104,8,0,1
BRDA:104,8,1,1
BRDA:111,9,0,0
BRDA:111,9,1,0
BRDA:118,10,0,0
BRDA:118,10,1,0
BRDA:125,11,0,0
BRDA:125,11,1,0
BRDA:126,12,0,0
BRDA:126,12,1,0
BRDA:131,13,0,0
BRDA:131,13,1,0
BRDA:140,14,0,0
BRDA:140,14,1,0
BRDA:148,15,0,2
BRDA:148,15,1,2
BRDA:162,16,0,4
BRDA:162,16,1,30
BRDA:162,17,0,34
BRDA:162,17,1,34
BRDA:189,18,0,2
BRDA:189,18,1,2
BRDA:190,19,0,2
BRDA:190,19,1,2
BRDA:194,20,0,1
BRDA:194,20,1,1
BRDA:194,21,0,2
BRDA:194,21,1,1
BRDA:215,22,0,0
BRDA:215,22,1,0
BRDA:216,23,0,0
BRDA:216,23,1,0
BRDA:222,24,0,0
BRDA:222,24,1,0
BRDA:227,25,0,0
BRDA:227,25,1,0
BRDA:227,26,0,0
BRDA:227,26,1,0
BRDA:248,27,0,0
BRDA:248,27,1,0
BRDA:249,28,0,0
BRDA:249,28,1,0
BRDA:255,29,0,0
BRDA:255,29,1,0
BRDA:260,30,0,0
BRDA:260,30,1,0
BRDA:260,31,0,0
BRDA:260,31,1,0
BRDA:279,32,0,0
BRDA:279,32,1,0
BRDA:279,33,0,0
BRDA:279,33,1,0
BRDA:280,34,0,0
BRDA:280,34,1,0
BRDA:281,35,0,0
BRDA:281,35,1,0
BRDA:285,36,0,0
BRDA:285,36,1,0
BRDA:285,37,0,0
BRDA:285,37,1,0
BRDA:285,37,2,0
BRDA:305,38,0,1
BRDA:305,38,1,0
BRDA:305,39,0,1
BRDA:305,39,1,1
BRDA:310,40,0,0
BRDA:310,40,1,0
BRF:83
BRH:19
end_of_record
TN:
SF:src/frontend/js/lib/util/common.ts
FN:4,(anonymous_0)
FN:13,(anonymous_1)
FN:21,(anonymous_2)
FNF:3
FNH:3
FNDA:32,(anonymous_0)
FNDA:19,(anonymous_1)
FNDA:5,(anonymous_2)
DA:4,2
DA:5,32
DA:6,32
DA:7,29
DA:8,29
DA:9,29
DA:10,29
DA:13,2
DA:14,19
DA:15,19
DA:16,15
DA:17,15
DA:18,15
DA:21,2
DA:22,5
DA:23,5
DA:24,3
DA:25,2
DA:27,1
DA:29,1
LF:20
LH:20
BRDA:5,0,0,0
BRDA:5,0,1,32
BRDA:6,1,0,3
BRDA:6,1,1,29
BRDA:14,2,0,0
BRDA:14,2,1,19
BRDA:15,3,0,4
BRDA:15,3,1,15
BRDA:23,4,0,2
BRDA:23,4,1,3
BRDA:23,5,0,5
BRDA:23,5,1,3
BRDA:24,6,0,2
BRDA:24,6,1,1
BRF:14
BRH:12
end_of_record
TN:
SF:src/frontend/js/lib/util/domutils/lib/elementFactory.ts
FN:4,createElement
FNF:1
FNH:1
FNDA:5,createElement
DA:5,5
DA:6,5
DA:7,4
DA:8,2
DA:10,2
DA:13,5
LF:6
LH:6
BRDA:7,0,0,2
BRDA:7,0,1,2
BRDA:7,1,0,4
BRDA:7,1,1,2
BRF:4
BRH:4
end_of_record
TN:
SF:src/frontend/js/lib/util/filedrag/lib/filedrag.ts
FN:14,(anonymous_0)
FN:22,(anonymous_1)
FN:24,(anonymous_2)
FN:29,(anonymous_3)
FN:34,(anonymous_4)
FN:53,(anonymous_5)
FN:55,(anonymous_6)
FN:61,(anonymous_7)
FN:70,(anonymous_8)
FN:77,(anonymous_9)
FN:83,(anonymous_10)
FNF:11
FNH:8
FNDA:7,(anonymous_0)
FNDA:7,(anonymous_1)
FNDA:0,(anonymous_2)
FNDA:0,(anonymous_3)
FNDA:1,(anonymous_4)
FNDA:7,(anonymous_5)
FNDA:11,(anonymous_6)
FNDA:8,(anonymous_7)
FNDA:14,(anonymous_8)
FNDA:0,(anonymous_9)
FNDA:7,(anonymous_10)
DA:12,7
DA:15,7
DA:16,7
DA:17,7
DA:18,7
DA:19,7
DA:23,7
DA:24,7
DA:25,0
DA:26,0
DA:27,0
DA:29,7
DA:30,0
DA:31,0
DA:32,0
DA:34,7
DA:35,1
DA:36,1
DA:37,1
DA:38,1
DA:39,1
DA:40,1
DA:41,1
DA:42,1
DA:43,1
DA:44,1
DA:45,0
DA:47,1
DA:49,1
DA:54,7
DA:55,7
DA:56,11
DA:57,7
DA:58,7
DA:59,7
DA:61,7
DA:62,8
DA:63,8
DA:64,0
DA:66,8
DA:67,8
DA:68,8
DA:70,7
DA:71,14
DA:72,14
DA:73,0
DA:74,0
DA:75,0
DA:77,7
DA:78,0
DA:79,0
DA:84,7
DA:85,7
DA:86,7
DA:87,7
DA:88,7
DA:89,7
DA:90,7
DA:91,7
DA:92,7
LF:60
LH:47
BRDA:14,0,0,0
BRDA:15,1,0,7
BRDA:15,1,1,0
BRDA:23,2,0,7
BRDA:23,2,1,0
BRDA:25,3,0,0
BRDA:25,3,1,0
BRDA:26,4,0,0
BRDA:26,4,1,0
BRDA:30,5,0,0
BRDA:30,5,1,0
BRDA:31,6,0,0
BRDA:31,6,1,0
BRDA:36,7,0,0
BRDA:36,7,1,1
BRDA:38,8,0,0
BRDA:38,8,1,1
BRDA:41,9,0,1
BRDA:41,9,1,0
BRDA:44,10,0,0
BRDA:44,10,1,1
BRDA:54,11,0,7
BRDA:54,11,1,0
BRDA:56,12,0,4
BRDA:56,12,1,7
BRDA:62,13,0,0
BRDA:62,13,1,8
BRDA:63,14,0,0
BRDA:63,14,1,8
BRDA:63,15,0,8
BRDA:63,15,1,8
BRDA:72,16,0,14
BRDA:72,16,1,0
BRDA:78,17,0,0
BRDA:78,17,1,0
BRDA:84,18,0,7
BRDA:84,18,1,0
BRF:37
BRH:15
end_of_record
TN:
SF:src/frontend/js/lib/util/formatters/lua.ts
FN:17,LUA
FNF:1
FNH:1
FNDA:7,LUA
DA:18,7
DA:19,7
DA:20,15
DA:21,15
DA:22,8
DA:25,7
LF:6
LH:6
BRDA:21,0,0,8
BRDA:21,0,1,7
BRDA:22,1,0,8
BRDA:22,1,1,0
BRDA:22,2,0,0
BRDA:22,2,1,0
BRDA:22,3,0,0
BRDA:22,3,1,0
BRF:8
BRH:3
end_of_record
TN:
SF:src/frontend/js/lib/util/formatters/markdown.ts
FN:7,MarkDown
FNF:1
FNH:1
FNDA:6,MarkDown
DA:8,6
DA:9,6
DA:10,6
DA:11,8
DA:12,8
DA:13,2
DA:16,6
DA:17,6
LF:8
LH:8
BRDA:12,0,0,2
BRDA:12,0,1,6
BRDA:13,1,0,1
BRDA:13,1,1,1
BRDA:13,2,0,0
BRDA:13,2,1,1
BRDA:13,3,0,0
BRDA:13,3,1,1
BRF:8
BRH:6
end_of_record
TN:
SF:src/frontend/js/lib/util/mapper/formdataMapper.ts
FN:1,(anonymous_0)
FN:4,(anonymous_1)
FN:13,(anonymous_2)
FNF:3
FNH:3
FNDA:4,(anonymous_0)
FNDA:3,(anonymous_1)
FNDA:3,(anonymous_2)
DA:1,1
DA:2,4
DA:3,2
DA:4,2
DA:5,3
DA:6,3
DA:8,2
DA:9,1
DA:11,2
DA:12,1
DA:13,1
DA:14,3
DA:16,1
LF:13
LH:13
BRDA:2,0,0,2
BRDA:2,0,1,2
BRDA:8,1,0,1
BRDA:8,1,1,1
BRDA:11,2,0,1
BRDA:11,2,1,1
BRDA:11,3,0,2
BRDA:11,3,1,2
BRF:8
BRH:8
end_of_record
TN:
SF:src/frontend/js/lib/util/mapper/mapper.ts
FN:29,(anonymous_0)
FN:32,(anonymous_1)
FNF:2
FNH:2
FNDA:2,(anonymous_0)
FNDA:4,(anonymous_1)
DA:29,2
DA:30,2
DA:31,2
DA:32,2
DA:33,4
DA:34,2
DA:39,2
DA:45,2
LF:8
LH:8
BRDA:33,0,0,2
BRDA:33,0,1,2
BRF:2
BRH:2
end_of_record
TN:
SF:src/frontend/js/lib/util/typeahead/lib/Typeahead.ts
FN:19,(anonymous_0)
FN:26,(anonymous_1)
FN:34,(anonymous_2)
FN:53,(anonymous_3)
FN:56,(anonymous_4)
FN:59,(anonymous_5)
FN:65,(anonymous_6)
FN:70,(anonymous_7)
FN:74,(anonymous_8)
FN:78,(anonymous_9)
FNF:10
FNH:2
FNDA:1,(anonymous_0)
FNDA:1,(anonymous_1)
FNDA:0,(anonymous_2)
FNDA:0,(anonymous_3)
FNDA:0,(anonymous_4)
FNDA:0,(anonymous_5)
FNDA:0,(anonymous_6)
FNDA:0,(anonymous_7)
FNDA:0,(anonymous_8)
FNDA:0,(anonymous_9)
DA:20,1
DA:27,1
DA:28,1
DA:35,0
DA:43,1
DA:54,0
DA:57,0
DA:60,0
DA:65,1
DA:66,0
DA:69,1
DA:70,1
DA:71,0
DA:74,1
DA:75,0
DA:78,1
DA:79,0
LF:17
LH:9
BRDA:32,0,0,0
BRDA:32,0,1,1
BRDA:69,1,0,1
BRDA:69,1,1,0
BRF:4
BRH:2
end_of_record
TN:
SF:src/frontend/js/lib/util/typeahead/lib/TypeaheadBuilder.ts
FN:26,(anonymous_0)
FN:26,(anonymous_1)
FN:32,(anonymous_2)
FN:42,(anonymous_3)
FN:52,(anonymous_4)
FN:62,(anonymous_5)
FN:72,(anonymous_6)
FN:81,(anonymous_7)
FN:91,(anonymous_8)
FN:102,(anonymous_9)
FN:107,(anonymous_10)
FN:117,(anonymous_11)
FN:127,(anonymous_12)
FNF:13
FNH:6
FNDA:0,(anonymous_0)
FNDA:0,(anonymous_1)
FNDA:5,(anonymous_2)
FNDA:4,(anonymous_3)
FNDA:4,(anonymous_4)
FNDA:4,(anonymous_5)
FNDA:4,(anonymous_6)
FNDA:0,(anonymous_7)
FNDA:0,(anonymous_8)
FNDA:0,(anonymous_9)
FNDA:0,(anonymous_10)
FNDA:0,(anonymous_11)
FNDA:5,(anonymous_12)
DA:26,5
DA:33,5
DA:34,5
DA:43,4
DA:44,4
DA:53,4
DA:54,4
DA:63,4
DA:64,4
DA:73,4
DA:74,4
DA:82,0
DA:83,0
DA:92,0
DA:93,0
DA:94,0
DA:103,0
DA:104,0
DA:108,0
DA:109,0
DA:118,0
DA:119,0
DA:120,0
DA:128,5
DA:129,4
DA:130,3
DA:131,2
DA:132,1
DA:133,1
LF:29
LH:17
BRDA:81,0,0,0
BRDA:128,1,0,1
BRDA:128,1,1,4
BRDA:129,2,0,1
BRDA:129,2,1,3
BRDA:130,3,0,1
BRDA:130,3,1,2
BRDA:131,4,0,1
BRDA:131,4,1,1
BRF:9
BRH:8
end_of_record
TN:
SF:src/frontend/js/lib/util/typeahead/lib/TypeaheadSourceOptions.ts
FN:12,(anonymous_0)
FNF:1
FNH:1
FNDA:1,(anonymous_0)
LF:0
LH:0
BRF:0
BRH:0
end_of_record
TN:
SF:src/frontend/js/lib/util/upload/UploadControl.ts
FN:34,upload
FN:34,(anonymous_1)
FN:48,(anonymous_2)
FN:57,(anonymous_3)
FN:66,(anonymous_4)
FN:67,(anonymous_5)
FN:70,(anonymous_6)
FN:71,(anonymous_7)
FN:72,(anonymous_8)
FN:73,(anonymous_9)
FNF:10
FNH:6
FNDA:0,upload
FNDA:0,(anonymous_1)
FNDA:4,(anonymous_2)
FNDA:1,(anonymous_3)
FNDA:4,(anonymous_4)
FNDA:4,(anonymous_5)
FNDA:0,(anonymous_6)
FNDA:0,(anonymous_7)
FNDA:1,(anonymous_8)
FNDA:4,(anonymous_9)
DA:35,0
DA:36,0
DA:37,0
DA:49,4
DA:50,4
DA:58,1
DA:67,4
DA:68,4
DA:69,4
DA:70,4
DA:71,4
DA:72,4
DA:73,4
DA:74,4
DA:75,4
DA:76,3
DA:78,1
DA:83,4
DA:84,1
DA:86,3
DA:87,3
LF:21
LH:18
BRDA:34,0,0,0
BRDA:34,1,0,0
BRDA:74,2,0,4
BRDA:74,2,1,0
BRDA:75,3,0,3
BRDA:75,3,1,1
BRDA:83,4,0,1
BRDA:83,4,1,3
BRF:8
BRH:5
end_of_record
TN:
SF:src/frontend/testing/globals.definitions.ts
FN:13,mockJQueryAjax
FN:14,(anonymous_1)
FN:16,(anonymous_2)
FN:28,initGlobals
FN:33,mockJSTree
FN:35,(anonymous_5)
FN:37,(anonymous_6)
FNF:7
FNH:7
FNDA:7,mockJQueryAjax
FNDA:1,(anonymous_1)
FNDA:1,(anonymous_2)
FNDA:7,initGlobals
FNDA:7,mockJSTree
FNDA:1,(anonymous_5)
FNDA:1,(anonymous_6)
DA:10,9
DA:11,9
DA:14,7
DA:15,1
DA:17,1
DA:29,7
DA:30,7
DA:35,7
DA:36,1
DA:38,1
DA:45,5
DA:46,5
DA:47,5
DA:48,5
DA:49,5
DA:50,5
DA:51,5
DA:52,5
DA:53,5
DA:54,5
DA:67,4
DA:68,4
DA:69,4
DA:70,4
DA:71,4
DA:72,4
LF:26
LH:26
BRF:0
BRH:0
end_of_record
